<?xml version="1.0" encoding="utf-8"?>
<TestRun id="a9893997-7a06-4eb5-9162-33bf5d2206ab" name="Usuario@DESKTOP-V2DKP5M 2026-06-13 00:57:03" runUser="DESKTOP-V2DKP5M\Usuario" xmlns="http://microsoft.com/schemas/VisualStudio/TeamTest/2010">
  <Times creation="2026-06-13T00:57:03.6161604+01:00" queuing="2026-06-13T00:57:03.6161609+01:00" start="2026-06-13T00:57:00.3817424+01:00" finish="2026-06-13T00:57:07.7556854+01:00" />
  <TestSettings name="default" id="fe4dd2cf-1a1b-42a8-9f58-a4c05ba62255">
    <Deployment runDeploymentRoot="Usuario_DESKTOP-V2DKP5M_2026-06-13_00_57_03" />
  </TestSettings>
  <Results>
    <UnitTestResult executionId="826d8737-0c2b-4989-88d6-9e9d086d9ee3" testId="bb23e492-e281-0aa9-8d0b-cf77631331f9" testName="GREENHERB.Tests.TaskServiceTests.GetAllAsync_WithNoTasks_ReturnsEmptyList" computerName="DESKTOP-V2DKP5M" duration="00:00:00.0090167" startTime="2026-06-13T00:57:04.9819204+01:00" endTime="2026-06-13T00:57:04.9819205+01:00" testType="13cdc9d9-ddb5-4fa4-a97d-d965ccfc6d4b" outcome="Passed" testListId="8c84fa94-04c1-424b-9868-57a2d4851a1d" relativeResultsDirectory="826d8737-0c2b-4989-88d6-9e9d086d9ee3" />
    <UnitTestResult executionId="df280f6b-7254-419a-a383-a9bc6098d838" testId="64b5e46a-1ef5-4630-2e04-f1231c10bc52" testName="GREENHERB.Tests.AuthTests.ValidateEmailFormat_ValidatesPattern(email: &quot;user@&quot;, expected: False)" computerName="DESKTOP-V2DKP5M" duration="00:00:00.0000113" startTime="2026-06-13T00:57:03.6710468+01:00" endTime="2026-06-13T00:57:03.6710468+01:00" testType="13cdc9d9-ddb5-4fa4-a97d-d965ccfc6d4b" outcome="Passed" testListId="8c84fa94-04c1-424b-9868-57a2d4851a1d" relativeResultsDirectory="df280f6b-7254-419a-a383-a9bc6098d838" />
    <UnitTestResult executionId="bb516d31-345a-4565-92c7-fce2fad2478d" testId="27772d72-3b25-c6ea-0e8d-a3f757c9534c" testName="GREENHERB.Tests.AuditLogServiceTests.GetByIdAsync_WithValidId_ReturnsAuditLog" computerName="DESKTOP-V2DKP5M" duration="00:00:00.0063396" startTime="2026-06-13T00:57:04.7904573+01:00" endTime="2026-06-13T00:57:04.7904575+01:00" testType="13cdc9d9-ddb5-4fa4-a97d-d965ccfc6d4b" outcome="Passed" testListId="8c84fa94-04c1-424b-9868-57a2d4851a1d" relativeResultsDirectory="bb516d31-345a-4565-92c7-fce2fad2478d" />
    <UnitTestResult executionId="a69589ac-9401-4688-b4e7-35f3c3170a0b" testId="222fa45b-8cb4-ec0f-0a00-8e06a4f57458" testName="TU-292: Dec8 [T] HumidityMin=-10 (negativo)" computerName="DESKTOP-V2DKP5M" duration="00:00:00.0010000" startTime="2026-06-13T00:57:03.6946863+01:00" endTime="2026-06-13T00:57:03.6946865+01:00" testType="13cdc9d9-ddb5-4fa4-a97d-d965ccfc6d4b" outcome="NotExecuted" testListId="8c84fa94-04c1-424b-9868-57a2d4851a1d" relativeResultsDirectory="a69589ac-9401-4688-b4e7-35f3c3170a0b">
      <Output>
        <ErrorInfo>
          <Message>Comentado: falhou localmente</Message>
        </ErrorInfo>
      </Output>
    </UnitTestResult>
    <UnitTestResult executionId="9a3308e9-0e4a-41e4-b437-4dd28bf1bce7" testId="87d802c1-a9a9-5004-59f2-accb21c9a064" testName="HerbTests.GetHerbs_ByCategory_ReturnsFiltered" computerName="DESKTOP-V2DKP5M" duration="00:00:00.0154862" startTime="2026-06-13T00:57:06.3624216+01:00" endTime="2026-06-13T00:57:06.3624219+01:00" testType="13cdc9d9-ddb5-4fa4-a97d-d965ccfc6d4b" outcome="Passed" testListId="8c84fa94-04c1-424b-9868-57a2d4851a1d" relativeResultsDirectory="9a3308e9-0e4a-41e4-b437-4dd28bf1bce7" />
    <UnitTestResult executionId="d5785d06-1908-4925-b468-fc5fa2240c33" testId="dd70e71b-6df2-fbbc-ab51-436fda55bb9e" testName="TU-280: Dec6 [F] WateringFrequencyDays=7 Valor típico" computerName="DESKTOP-V2DKP5M" duration="00:00:00.0010000" startTime="2026-06-13T00:57:03.6917542+01:00" endTime="2026-06-13T00:57:03.6917545+01:00" testType="13cdc9d9-ddb5-4fa4-a97d-d965ccfc6d4b" outcome="NotExecuted" testListId="8c84fa94-04c1-424b-9868-57a2d4851a1d" relativeResultsDirectory="d5785d06-1908-4925-b468-fc5fa2240c33">
      <Output>
        <ErrorInfo>
          <Message>Comentado: falhou localmente</Message>
        </ErrorInfo>
      </Output>
    </UnitTestResult>
    <UnitTestResult executionId="45578dd2-0d52-4094-87c1-553f03de15ce" testId="090d1932-6b02-e549-c1bc-3eaeb7b07680" testName="GREENHERB.Tests.MeasurementServiceTests.CreateAsync_WithTemperatureInRange_Stored" computerName="DESKTOP-V2DKP5M" duration="00:00:00.0017286" startTime="2026-06-13T00:57:04.8538948+01:00" endTime="2026-06-13T00:57:04.8538950+01:00" testType="13cdc9d9-ddb5-4fa4-a97d-d965ccfc6d4b" outcome="Passed" testListId="8c84fa94-04c1-424b-9868-57a2d4851a1d" relativeResultsDirectory="45578dd2-0d52-4094-87c1-553f03de15ce" />
    <UnitTestResult executionId="a0359bed-6f38-43e5-9520-bb4729e511c6" testId="71cca194-9fea-ab0f-53bb-1fc49cede3e8" testName="TU-268: Dec4 [T] DurationDays=0 Boundary" computerName="DESKTOP-V2DKP5M" duration="00:00:00.0010000" startTime="2026-06-13T00:57:03.6931568+01:00" endTime="2026-06-13T00:57:03.6931569+01:00" testType="13cdc9d9-ddb5-4fa4-a97d-d965ccfc6d4b" outcome="NotExecuted" testListId="8c84fa94-04c1-424b-9868-57a2d4851a1d" relativeResultsDirectory="a0359bed-6f38-43e5-9520-bb4729e511c6">
      <Output>
        <ErrorInfo>
          <Message>Comentado: falhou localmente</Message>
        </ErrorInfo>
      </Output>
    </UnitTestResult>
    <UnitTestResult executionId="46f4e0fe-e2f8-4798-88ce-903ff16ffd49" testId="1b6dea26-d41d-0d46-f03f-9c062d73f48a" testName="GREENHERB.Tests.AlertServiceTests.CreateAsync_WithValidData_CreatesAlert" computerName="DESKTOP-V2DKP5M" duration="00:00:00.0014496" startTime="2026-06-13T00:57:04.8884617+01:00" endTime="2026-06-13T00:57:04.8884618+01:00" testType="13cdc9d9-ddb5-4fa4-a97d-d965ccfc6d4b" outcome="Passed" testListId="8c84fa94-04c1-424b-9868-57a2d4851a1d" relativeResultsDirectory="46f4e0fe-e2f8-4798-88ce-903ff16ffd49" />
    <UnitTestResult executionId="f373fb7e-3b83-4882-9bb8-30d31d1730e9" testId="4efc3b42-5641-eb23-0634-cdf268ee7f3f" testName="GREENHERB.Tests.ReportServiceTests.CreateAsync_WithReportType_CreatesWithType(reportType: &quot;Medições&quot;)" computerName="DESKTOP-V2DKP5M" duration="00:00:00.0018961" startTime="2026-06-13T00:57:04.8492273+01:00" endTime="2026-06-13T00:57:04.8492274+01:00" testType="13cdc9d9-ddb5-4fa4-a97d-d965ccfc6d4b" outcome="Passed" testListId="8c84fa94-04c1-424b-9868-57a2d4851a1d" relativeResultsDirectory="f373fb7e-3b83-4882-9bb8-30d31d1730e9" />
    <UnitTestResult executionId="08cf0123-2924-40c2-b11f-ce59df8f3aed" testId="d32a6821-40e1-4bc5-6286-9f72c463b648" testName="HerbTests.UpdateHerb_WithValidData_UpdatesHerb" computerName="DESKTOP-V2DKP5M" duration="00:00:00.0031863" startTime="2026-06-13T00:57:06.3178823+01:00" endTime="2026-06-13T00:57:06.3178826+01:00" testType="13cdc9d9-ddb5-4fa4-a97d-d965ccfc6d4b" outcome="Passed" testListId="8c84fa94-04c1-424b-9868-57a2d4851a1d" relativeResultsDirectory="08cf0123-2924-40c2-b11f-ce59df8f3aed" />
    <UnitTestResult executionId="1fb11f4e-b8a4-4487-b9dd-2e44f40ceb19" testId="38ef9e7c-435c-eb96-2386-b8cc28bc1cae" testName="GREENHERB.Tests.tests.NotificationGatewayTests.SendPushNotificationAsync_WithInvalidUserId_ReturnsFalse(userId: -1)" computerName="DESKTOP-V2DKP5M" duration="00:00:00.0000653" startTime="2026-06-13T00:57:05.0036737+01:00" endTime="2026-06-13T00:57:05.0036738+01:00" testType="13cdc9d9-ddb5-4fa4-a97d-d965ccfc6d4b" outcome="Passed" testListId="8c84fa94-04c1-424b-9868-57a2d4851a1d" relativeResultsDirectory="1fb11f4e-b8a4-4487-b9dd-2e44f40ceb19" />
    <UnitTestResult executionId="6ddf1c57-fcd2-4831-9b4f-17cd5f17db32" testId="5633c3f4-d6fc-bf94-1c1e-49d3ba382325" testName="GREENHERB.Tests.AutomationServiceTests.DeactivateAsync_WithNonExistentAutomation_ReturnsNull" computerName="DESKTOP-V2DKP5M" duration="00:00:00.0016024" startTime="2026-06-13T00:57:04.8731068+01:00" endTime="2026-06-13T00:57:04.8731069+01:00" testType="13cdc9d9-ddb5-4fa4-a97d-d965ccfc6d4b" outcome="Passed" testListId="8c84fa94-04c1-424b-9868-57a2d4851a1d" relativeResultsDirectory="6ddf1c57-fcd2-4831-9b4f-17cd5f17db32" />
    <UnitTestResult executionId="9a86c38b-8811-47f1-b42c-3611cafb1328" testId="81ef8338-fcc0-5235-0941-e2269cca50c2" testName="HerbTests.GetHerbs_ByOrigin_ReturnsFiltered" computerName="DESKTOP-V2DKP5M" duration="00:00:00.0013681" startTime="2026-06-13T00:57:06.4098508+01:00" endTime="2026-06-13T00:57:06.4098509+01:00" testType="13cdc9d9-ddb5-4fa4-a97d-d965ccfc6d4b" outcome="Passed" testListId="8c84fa94-04c1-424b-9868-57a2d4851a1d" relativeResultsDirectory="9a86c38b-8811-47f1-b42c-3611cafb1328" />
    <UnitTestResult executionId="f45273b0-e9eb-49f6-ac27-d0334d061cd0" testId="729a3356-4edd-d7e9-35f8-f0eceaed2b0d" testName="GREENHERB.Tests.AlertServiceTests.IgnoreAsync_RequiresJustification_Stored" computerName="DESKTOP-V2DKP5M" duration="00:00:00.0019345" startTime="2026-06-13T00:57:05.0371020+01:00" endTime="2026-06-13T00:57:05.0371022+01:00" testType="13cdc9d9-ddb5-4fa4-a97d-d965ccfc6d4b" outcome="Passed" testListId="8c84fa94-04c1-424b-9868-57a2d4851a1d" relativeResultsDirectory="f45273b0-e9eb-49f6-ac27-d0334d061cd0" />
    <UnitTestResult executionId="dd1ca320-833c-43f3-926e-0b217ba6b87e" testId="44f9eacf-542e-33b6-c222-e1d666ed2525" testName="GREENHERB.Tests.tests.TemperatureGatewayTests.GetTemperatureReadingsAsync_WithInvalidBatchId_ReturnsEmpty" computerName="DESKTOP-V2DKP5M" duration="00:00:00.0012714" startTime="2026-06-13T00:57:04.9451163+01:00" endTime="2026-06-13T00:57:04.9451170+01:00" testType="13cdc9d9-ddb5-4fa4-a97d-d965ccfc6d4b" outcome="Passed" testListId="8c84fa94-04c1-424b-9868-57a2d4851a1d" relativeResultsDirectory="dd1ca320-833c-43f3-926e-0b217ba6b87e" />
    <UnitTestResult executionId="977c29a5-ffa3-4fc6-a021-9f022ce71cf1" testId="86d5dfcc-dd58-2353-0dca-8df8701ee6f1" testName="GREENHERB.Tests.ReportServiceTests.ExportToCsvAsync_ReturnsFilePath" computerName="DESKTOP-V2DKP5M" duration="00:00:00.0015528" startTime="2026-06-13T00:57:04.9380825+01:00" endTime="2026-06-13T00:57:04.9380826+01:00" testType="13cdc9d9-ddb5-4fa4-a97d-d965ccfc6d4b" outcome="Passed" testListId="8c84fa94-04c1-424b-9868-57a2d4851a1d" relativeResultsDirectory="977c29a5-ffa3-4fc6-a021-9f022ce71cf1" />
    <UnitTestResult executionId="fb209bdd-032d-4d87-9433-fe09f5a62f80" testId="3ac87b69-4ee1-f56c-f4b8-43e2ba207c66" testName="HerbTests.CreatePlan_WithValidRequest_CreatesPlan" computerName="DESKTOP-V2DKP5M" duration="00:00:00.0088776" startTime="2026-06-13T00:57:06.3136199+01:00" endTime="2026-06-13T00:57:06.3136200+01:00" testType="13cdc9d9-ddb5-4fa4-a97d-d965ccfc6d4b" outcome="Passed" testListId="8c84fa94-04c1-424b-9868-57a2d4851a1d" relativeResultsDirectory="fb209bdd-032d-4d87-9433-fe09f5a62f80" />
    <UnitTestResult executionId="fc5235b7-136c-4746-a642-a8a9e702df07" testId="8cc34193-12e2-6bc8-0246-8f87e6004335" testName="GREENHERB.Tests.UserServiceTests.CreateAsync_WithValidData_CreatesUser" computerName="DESKTOP-V2DKP5M" duration="00:00:00.0011511" startTime="2026-06-13T00:57:05.0620735+01:00" endTime="2026-06-13T00:57:05.0620742+01:00" testType="13cdc9d9-ddb5-4fa4-a97d-d965ccfc6d4b" outcome="Passed" testListId="8c84fa94-04c1-424b-9868-57a2d4851a1d" relativeResultsDirectory="fc5235b7-136c-4746-a642-a8a9e702df07" />
    <UnitTestResult executionId="1f5c1025-9195-442d-a08b-e72fac91321d" testId="6d07e041-042c-44c5-a06b-0bfa9b8ea991" testName="GREENHERB.Tests.AlertServiceTests.CreateAsync_WithValidStatus_CreatesWithStatus(status: &quot;Ignorado&quot;)" computerName="DESKTOP-V2DKP5M" duration="00:00:00.0009629" startTime="2026-06-13T00:57:04.8739844+01:00" endTime="2026-06-13T00:57:04.8739845+01:00" testType="13cdc9d9-ddb5-4fa4-a97d-d965ccfc6d4b" outcome="Passed" testListId="8c84fa94-04c1-424b-9868-57a2d4851a1d" relativeResultsDirectory="1f5c1025-9195-442d-a08b-e72fac91321d" />
    <UnitTestResult executionId="076c3cdc-0dd0-4d72-b414-0728aa38f921" testId="3c619428-c958-bdb3-bddf-1dbd6284ac00" testName="GREENHERB.Tests.tests.NotificationGatewayTests.SendEmailNotificationAsync_WithEmptyEmail_ReturnsFalse(email: &quot;&quot;)" computerName="DESKTOP-V2DKP5M" duration="00:00:00.0008660" startTime="2026-06-13T00:57:04.9807555+01:00" endTime="2026-06-13T00:57:04.9807557+01:00" testType="13cdc9d9-ddb5-4fa4-a97d-d965ccfc6d4b" outcome="Passed" testListId="8c84fa94-04c1-424b-9868-57a2d4851a1d" relativeResultsDirectory="076c3cdc-0dd0-4d72-b414-0728aa38f921" />
    <UnitTestResult executionId="54faff09-7a02-4d01-b1b5-b09f4d0a850f" testId="1f77b0c4-a9dc-649f-c756-7858ce9507ec" testName="GREENHERB.Tests.TaskServiceTests.CreateAsync_WithAssignedUser_StoresUserAssignment" computerName="DESKTOP-V2DKP5M" duration="00:00:00.0033310" startTime="2026-06-13T00:57:05.0243243+01:00" endTime="2026-06-13T00:57:05.0243245+01:00" testType="13cdc9d9-ddb5-4fa4-a97d-d965ccfc6d4b" outcome="Passed" testListId="8c84fa94-04c1-424b-9868-57a2d4851a1d" relativeResultsDirectory="54faff09-7a02-4d01-b1b5-b09f4d0a850f" />
    <UnitTestResult executionId="66a5f076-0eb5-439b-944a-d61ab5c1ba3b" testId="84bb1771-6778-05af-1c1f-d6e8fcd3c042" testName="GREENHERB.Tests.ReportServiceTests.CreateAsync_SetsCreatedAtTimestamp" computerName="DESKTOP-V2DKP5M" duration="00:00:00.0026506" startTime="2026-06-13T00:57:04.8960452+01:00" endTime="2026-06-13T00:57:04.8960454+01:00" testType="13cdc9d9-ddb5-4fa4-a97d-d965ccfc6d4b" outcome="Passed" testListId="8c84fa94-04c1-424b-9868-57a2d4851a1d" relativeResultsDirectory="66a5f076-0eb5-439b-944a-d61ab5c1ba3b" />
    <UnitTestResult executionId="d35d53af-4df2-4fb0-8059-df95f226fad5" testId="c8f07ca4-67a1-f834-911c-dafec5d3eecb" testName="GREENHERB.Tests.TaskServiceTests.GetByBatchIdAsync_WithMultipleBatches_OnlyReturnsBatchTasks" computerName="DESKTOP-V2DKP5M" duration="00:00:00.0150000" startTime="2026-06-13T00:57:04.8543535+01:00" endTime="2026-06-13T00:57:04.8543537+01:00" testType="13cdc9d9-ddb5-4fa4-a97d-d965ccfc6d4b" outcome="Passed" testListId="8c84fa94-04c1-424b-9868-57a2d4851a1d" relativeResultsDirectory="d35d53af-4df2-4fb0-8059-df95f226fad5" />
    <UnitTestResult executionId="fa324151-9cd7-40a8-96ab-ec46cec96115" testId="06739c85-85c6-246c-fbfb-7fc08143d5a3" testName="GREENHERB.Tests.ReportServiceTests.ExportToCsvAsync_WithNonExistentReport_ReturnsNull" computerName="DESKTOP-V2DKP5M" duration="00:00:00.0024677" startTime="2026-06-13T00:57:04.8557169+01:00" endTime="2026-06-13T00:57:04.8557169+01:00" testType="13cdc9d9-ddb5-4fa4-a97d-d965ccfc6d4b" outcome="Passed" testListId="8c84fa94-04c1-424b-9868-57a2d4851a1d" relativeResultsDirectory="fa324151-9cd7-40a8-96ab-ec46cec96115" />
    <UnitTestResult executionId="07bf6e3f-0241-4f78-8dab-10d0687410ef" testId="0ffe77cc-162d-155b-71dd-932c5d0048f7" testName="GREENHERB.Tests.AuditLogServiceTests.LogOperationAsync_WithIpAddress_Stored(ipAddress: &quot;127.0.0.1&quot;)" computerName="DESKTOP-V2DKP5M" duration="00:00:00.0016666" startTime="2026-06-13T00:57:04.8146228+01:00" endTime="2026-06-13T00:57:04.8146228+01:00" testType="13cdc9d9-ddb5-4fa4-a97d-d965ccfc6d4b" outcome="Passed" testListId="8c84fa94-04c1-424b-9868-57a2d4851a1d" relativeResultsDirectory="07bf6e3f-0241-4f78-8dab-10d0687410ef" />
    <UnitTestResult executionId="b1142472-7084-4b48-bf51-56733fb5a883" testId="f462674b-097c-666a-9d34-c02dc03aeb66" testName="GREENHERB.Tests.UserServiceTests.CreateAsync_WithNullUsername_ReturnsNull" computerName="DESKTOP-V2DKP5M" duration="00:00:00.0014162" startTime="2026-06-13T00:57:05.0354681+01:00" endTime="2026-06-13T00:57:05.0354697+01:00" testType="13cdc9d9-ddb5-4fa4-a97d-d965ccfc6d4b" outcome="Passed" testListId="8c84fa94-04c1-424b-9868-57a2d4851a1d" relativeResultsDirectory="b1142472-7084-4b48-bf51-56733fb5a883" />
    <UnitTestResult executionId="a7f6f884-0619-477a-bfa5-8cedf0f9c210" testId="1f5911a1-3d51-65e5-7577-22b3db37728d" testName="GREENHERB.Tests.TaskServiceTests.CreateAsync_WithTaskType_StoresCorrectly(taskType: &quot;Fertilização&quot;)" computerName="DESKTOP-V2DKP5M" duration="00:00:00.0019045" startTime="2026-06-13T00:57:04.9149685+01:00" endTime="2026-06-13T00:57:04.9149686+01:00" testType="13cdc9d9-ddb5-4fa4-a97d-d965ccfc6d4b" outcome="Passed" testListId="8c84fa94-04c1-424b-9868-57a2d4851a1d" relativeResultsDirectory="a7f6f884-0619-477a-bfa5-8cedf0f9c210" />
    <UnitTestResult executionId="86dd18a5-e412-4e0e-8ec7-2077cca7f8eb" testId="00761680-d91a-76ee-3105-40986766afc3" testName="GREENHERB.Tests.AutomationServiceTests.CreateAsync_WithValidData_CreatesAutomation" computerName="DESKTOP-V2DKP5M" duration="00:00:00.0044636" startTime="2026-06-13T00:57:04.7891206+01:00" endTime="2026-06-13T00:57:04.7891206+01:00" testType="13cdc9d9-ddb5-4fa4-a97d-d965ccfc6d4b" outcome="Passed" testListId="8c84fa94-04c1-424b-9868-57a2d4851a1d" relativeResultsDirectory="86dd18a5-e412-4e0e-8ec7-2077cca7f8eb" />
    <UnitTestResult executionId="6a8bbe6e-f8ce-441f-a2ee-caaa64eaadfd" testId="e59f84d3-5e68-d15a-e94d-9d150efe24fa" testName="GREENHERB.Tests.AuditLogServiceTests.GetByOperationTypeAsync_CompleteAuditTrail" computerName="DESKTOP-V2DKP5M" duration="00:00:00.0042627" startTime="2026-06-13T00:57:04.9462964+01:00" endTime="2026-06-13T00:57:04.9462965+01:00" testType="13cdc9d9-ddb5-4fa4-a97d-d965ccfc6d4b" outcome="Passed" testListId="8c84fa94-04c1-424b-9868-57a2d4851a1d" relativeResultsDirectory="6a8bbe6e-f8ce-441f-a2ee-caaa64eaadfd" />
    <UnitTestResult executionId="1af022f7-e342-4d26-86f0-adcd03555ada" testId="bdb45af8-7c84-432f-b70d-da9e75ca2f01" testName="GREENHERB.Tests.AlertServiceTests.IgnoreAsync_WithNonExistentAlert_ReturnsNull" computerName="DESKTOP-V2DKP5M" duration="00:00:00.0056758" startTime="2026-06-13T00:57:04.9385501+01:00" endTime="2026-06-13T00:57:04.9385503+01:00" testType="13cdc9d9-ddb5-4fa4-a97d-d965ccfc6d4b" outcome="Passed" testListId="8c84fa94-04c1-424b-9868-57a2d4851a1d" relativeResultsDirectory="1af022f7-e342-4d26-86f0-adcd03555ada" />
    <UnitTestResult executionId="d8950bfc-e03a-4500-9646-bb74ad6c7db2" testId="37e71bae-b720-d7e5-fa84-d2b338b28886" testName="GREENHERB.Tests.AlertServiceTests.ResolveAsync_WithNonExistentAlert_ReturnsNull" computerName="DESKTOP-V2DKP5M" duration="00:00:00.0050103" startTime="2026-06-13T00:57:05.0213912+01:00" endTime="2026-06-13T00:57:05.0213915+01:00" testType="13cdc9d9-ddb5-4fa4-a97d-d965ccfc6d4b" outcome="Passed" testListId="8c84fa94-04c1-424b-9868-57a2d4851a1d" relativeResultsDirectory="d8950bfc-e03a-4500-9646-bb74ad6c7db2" />
    <UnitTestResult executionId="fc8626ff-cbba-4aaf-8497-0e2a7cf378ee" testId="2b8eadd6-6607-8005-f747-697af2c85e19" testName="GREENHERB.Tests.AlertServiceTests.CreateAsync_WithValidStatus_CreatesWithStatus(status: &quot;Ativo&quot;)" computerName="DESKTOP-V2DKP5M" duration="00:00:00.0006899" startTime="2026-06-13T00:57:04.8827455+01:00" endTime="2026-06-13T00:57:04.8827457+01:00" testType="13cdc9d9-ddb5-4fa4-a97d-d965ccfc6d4b" outcome="Passed" testListId="8c84fa94-04c1-424b-9868-57a2d4851a1d" relativeResultsDirectory="fc8626ff-cbba-4aaf-8497-0e2a7cf378ee" />
    <UnitTestResult executionId="a607afa9-df69-4986-9598-7b20f27d44c7" testId="b6af7290-475b-add2-03a7-c9b644164424" testName="GREENHERB.Tests.tests.TemperatureGatewayTests.IsSensorAvailableAsync_WithInvalidBatchId_ReturnsFalse" computerName="DESKTOP-V2DKP5M" duration="00:00:00.0010335" startTime="2026-06-13T00:57:04.9701356+01:00" endTime="2026-06-13T00:57:04.9701358+01:00" testType="13cdc9d9-ddb5-4fa4-a97d-d965ccfc6d4b" outcome="Passed" testListId="8c84fa94-04c1-424b-9868-57a2d4851a1d" relativeResultsDirectory="a607afa9-df69-4986-9598-7b20f27d44c7" />
    <UnitTestResult executionId="c6c649e8-cb42-4d3c-91e2-9ade87a723eb" testId="54ea0021-1d57-7876-0b2b-c188818f1ca0" testName="GREENHERB.Tests.AuditLogServiceTests.LogOperationAsync_WithIpAddress_Stored(ipAddress: &quot;192.168.1.100&quot;)" computerName="DESKTOP-V2DKP5M" duration="00:00:00.0009788" startTime="2026-06-13T00:57:04.8154283+01:00" endTime="2026-06-13T00:57:04.8154283+01:00" testType="13cdc9d9-ddb5-4fa4-a97d-d965ccfc6d4b" outcome="Passed" testListId="8c84fa94-04c1-424b-9868-57a2d4851a1d" relativeResultsDirectory="c6c649e8-cb42-4d3c-91e2-9ade87a723eb" />
    <UnitTestResult executionId="91b9c19f-2177-4a9a-8a7a-b10ec3adc1d0" testId="62c9831e-4c8d-24e7-e9a6-7286f5637468" testName="GREENHERB.Tests.BatchServiceTests.CreateAsync_WithLossPercentage_StoredCorrectly" computerName="DESKTOP-V2DKP5M" duration="00:00:00.0640400" startTime="2026-06-13T00:57:05.0261237+01:00" endTime="2026-06-13T00:57:05.0261239+01:00" testType="13cdc9d9-ddb5-4fa4-a97d-d965ccfc6d4b" outcome="Passed" testListId="8c84fa94-04c1-424b-9868-57a2d4851a1d" relativeResultsDirectory="91b9c19f-2177-4a9a-8a7a-b10ec3adc1d0" />
    <UnitTestResult executionId="09fa1c66-4b73-477f-89fc-5a49c6b34efe" testId="111fc76c-04ae-0b1e-f3b4-d2f8f95d2dae" testName="GREENHERB.Tests.TaskServiceTests.CreateAsync_WithTaskType_StoresCorrectly(taskType: &quot;Monitorização&quot;)" computerName="DESKTOP-V2DKP5M" duration="00:00:00.0020494" startTime="2026-06-13T00:57:04.9145316+01:00" endTime="2026-06-13T00:57:04.9145317+01:00" testType="13cdc9d9-ddb5-4fa4-a97d-d965ccfc6d4b" outcome="Passed" testListId="8c84fa94-04c1-424b-9868-57a2d4851a1d" relativeResultsDirectory="09fa1c66-4b73-477f-89fc-5a49c6b34efe" />
    <UnitTestResult executionId="14334217-99c0-4b01-a248-88954d9e204c" testId="b9ba2f89-a892-2c81-b758-23f3f82b43b5" testName="GREENHERB.Tests.ReportServiceTests.CreateAsync_WithReportType_CreatesWithType(reportType: &quot;Tarefas&quot;)" computerName="DESKTOP-V2DKP5M" duration="00:00:00.0007993" startTime="2026-06-13T00:57:04.8520266+01:00" endTime="2026-06-13T00:57:04.8520267+01:00" testType="13cdc9d9-ddb5-4fa4-a97d-d965ccfc6d4b" outcome="Passed" testListId="8c84fa94-04c1-424b-9868-57a2d4851a1d" relativeResultsDirectory="14334217-99c0-4b01-a248-88954d9e204c" />
    <UnitTestResult executionId="a963cf11-dffe-485d-9a69-aeb35714c8fc" testId="2698b72a-3181-52ee-d1a6-b807afd0fbab" testName="GREENHERB.Tests.tests.TemperatureGatewayTests.Reset_RestoresDefaultState" computerName="DESKTOP-V2DKP5M" duration="00:00:00.0011498" startTime="2026-06-13T00:57:04.9116324+01:00" endTime="2026-06-13T00:57:04.9116326+01:00" testType="13cdc9d9-ddb5-4fa4-a97d-d965ccfc6d4b" outcome="Passed" testListId="8c84fa94-04c1-424b-9868-57a2d4851a1d" relativeResultsDirectory="a963cf11-dffe-485d-9a69-aeb35714c8fc" />
    <UnitTestResult executionId="613d7e90-543d-4446-9ecf-6bc909d998fe" testId="c33d4e36-e983-9e89-0980-c66706834fab" testName="GREENHERB.Tests.UserServiceTests.CreateAsync_NewUser_IsActive" computerName="DESKTOP-V2DKP5M" duration="00:00:00.0014169" startTime="2026-06-13T00:57:05.2427105+01:00" endTime="2026-06-13T00:57:05.2427107+01:00" testType="13cdc9d9-ddb5-4fa4-a97d-d965ccfc6d4b" outcome="Passed" testListId="8c84fa94-04c1-424b-9868-57a2d4851a1d" relativeResultsDirectory="613d7e90-543d-4446-9ecf-6bc909d998fe" />
    <UnitTestResult executionId="d42ac2a1-ed6a-4a99-95f8-f35cf951a448" testId="48b0b845-88de-8b5a-5a6e-9255a6e3073c" testName="GREENHERB.Tests.tests.NotificationGatewayTests.GetSuccessfulNotificationCount_WithOnlySuccessfulNotifications_ReturnsCorrectCount" computerName="DESKTOP-V2DKP5M" duration="00:00:00.0100792" startTime="2026-06-13T00:57:05.0144607+01:00" endTime="2026-06-13T00:57:05.0144610+01:00" testType="13cdc9d9-ddb5-4fa4-a97d-d965ccfc6d4b" outcome="Passed" testListId="8c84fa94-04c1-424b-9868-57a2d4851a1d" relativeResultsDirectory="d42ac2a1-ed6a-4a99-95f8-f35cf951a448" />
    <UnitTestResult executionId="9f2b477d-0c23-4e22-bdc5-c1c01c04bc30" testId="43e89220-225e-95ba-6acb-515785f3e2bb" testName="GREENHERB.Tests.AuditLogServiceTests.LogOperationAsync_WithOperationType_Stored(operationType: &quot;Export&quot;)" computerName="DESKTOP-V2DKP5M" duration="00:00:00.0041930" startTime="2026-06-13T00:57:04.5555604+01:00" endTime="2026-06-13T00:57:04.5555607+01:00" testType="13cdc9d9-ddb5-4fa4-a97d-d965ccfc6d4b" outcome="Passed" testListId="8c84fa94-04c1-424b-9868-57a2d4851a1d" relativeResultsDirectory="9f2b477d-0c23-4e22-bdc5-c1c01c04bc30" />
    <UnitTestResult executionId="8b717825-a5b1-4246-b6bc-d058e03940ec" testId="bb77275c-defe-cb18-1144-a68e97f52b46" testName="GREENHERB.Tests.UserServiceTests.GetAllAsync_WithMultipleUsers_ReturnsAll" computerName="DESKTOP-V2DKP5M" duration="00:00:00.0020039" startTime="2026-06-13T00:57:05.2145236+01:00" endTime="2026-06-13T00:57:05.2145237+01:00" testType="13cdc9d9-ddb5-4fa4-a97d-d965ccfc6d4b" outcome="Passed" testListId="8c84fa94-04c1-424b-9868-57a2d4851a1d" relativeResultsDirectory="8b717825-a5b1-4246-b6bc-d058e03940ec" />
    <UnitTestResult executionId="e560c434-b590-40a3-9ebc-497395390c29" testId="b3963d55-7980-fb85-5b78-37e17d4271e1" testName="TU-275: Dec5 [F] StartDate válida (agora)" computerName="DESKTOP-V2DKP5M" duration="00:00:00.0010000" startTime="2026-06-13T00:57:03.6977336+01:00" endTime="2026-06-13T00:57:03.6977337+01:00" testType="13cdc9d9-ddb5-4fa4-a97d-d965ccfc6d4b" outcome="NotExecuted" testListId="8c84fa94-04c1-424b-9868-57a2d4851a1d" relativeResultsDirectory="e560c434-b590-40a3-9ebc-497395390c29">
      <Output>
        <ErrorInfo>
          <Message>Comentado: falhou localmente</Message>
        </ErrorInfo>
      </Output>
    </UnitTestResult>
    <UnitTestResult executionId="a13b7119-5e43-47e1-ab4c-def89c2f442b" testId="3def9ca4-b892-b80c-8d23-c54c74aaf03d" testName="TU-266: Dec3 [T] herbId=5 sobrescreve" computerName="DESKTOP-V2DKP5M" duration="00:00:00.0010000" startTime="2026-06-13T00:57:03.6879335+01:00" endTime="2026-06-13T00:57:03.6879339+01:00" testType="13cdc9d9-ddb5-4fa4-a97d-d965ccfc6d4b" outcome="NotExecuted" testListId="8c84fa94-04c1-424b-9868-57a2d4851a1d" relativeResultsDirectory="a13b7119-5e43-47e1-ab4c-def89c2f442b">
      <Output>
        <ErrorInfo>
          <Message>Comentado: falhou localmente</Message>
        </ErrorInfo>
      </Output>
    </UnitTestResult>
    <UnitTestResult executionId="cb23233e-1432-45ee-9f3b-b9a6c869bfd2" testId="38babcf3-a6a3-d246-ac48-9c0125060a69" testName="GREENHERB.Tests.AuthTests.ValidateToken_WithMalformedToken_ReturnsFalse" computerName="DESKTOP-V2DKP5M" duration="00:00:00.0034036" startTime="2026-06-13T00:57:03.6722928+01:00" endTime="2026-06-13T00:57:03.6722935+01:00" testType="13cdc9d9-ddb5-4fa4-a97d-d965ccfc6d4b" outcome="Passed" testListId="8c84fa94-04c1-424b-9868-57a2d4851a1d" relativeResultsDirectory="cb23233e-1432-45ee-9f3b-b9a6c869bfd2" />
    <UnitTestResult executionId="f69f867b-4303-4f77-ac0c-65e013f4bf93" testId="b2439bdf-ac57-240e-b01d-9f461f2e41ad" testName="HerbTests.CreateHerb_WithLongName_ReturnsBadRequest" computerName="DESKTOP-V2DKP5M" duration="00:00:00.0010000" startTime="2026-06-13T00:57:06.4064056+01:00" endTime="2026-06-13T00:57:06.4064056+01:00" testType="13cdc9d9-ddb5-4fa4-a97d-d965ccfc6d4b" outcome="NotExecuted" testListId="8c84fa94-04c1-424b-9868-57a2d4851a1d" relativeResultsDirectory="f69f867b-4303-4f77-ac0c-65e013f4bf93">
      <Output>
        <ErrorInfo>
          <Message>Comentado: falhou localmente</Message>
        </ErrorInfo>
      </Output>
    </UnitTestResult>
    <UnitTestResult executionId="08efcc5a-b56f-48ee-9bc4-b34445cae283" testId="8c72dde3-40ed-b60a-bfeb-9c855d9958b2" testName="GREENHERB.Tests.AuthTests.RegisterAsync_MultipleUsersWithDifferentRoles" computerName="DESKTOP-V2DKP5M" duration="00:00:00.0010485" startTime="2026-06-13T00:57:03.6734096+01:00" endTime="2026-06-13T00:57:03.6734097+01:00" testType="13cdc9d9-ddb5-4fa4-a97d-d965ccfc6d4b" outcome="Passed" testListId="8c84fa94-04c1-424b-9868-57a2d4851a1d" relativeResultsDirectory="08efcc5a-b56f-48ee-9bc4-b34445cae283" />
    <UnitTestResult executionId="b843ba62-3256-4890-90bf-4e15ec0047d5" testId="50ca4e60-bcde-949b-274b-438f7d18369c" testName="GREENHERB.Tests.BatchServiceTests.CreateAsync_WithInvalidPlanId_ReturnsNull" computerName="DESKTOP-V2DKP5M" duration="00:00:00.0052924" startTime="2026-06-13T00:57:05.0702083+01:00" endTime="2026-06-13T00:57:05.0702085+01:00" testType="13cdc9d9-ddb5-4fa4-a97d-d965ccfc6d4b" outcome="Passed" testListId="8c84fa94-04c1-424b-9868-57a2d4851a1d" relativeResultsDirectory="b843ba62-3256-4890-90bf-4e15ec0047d5" />
    <UnitTestResult executionId="363df17f-f3e9-4d91-8a1d-fa155dc0605c" testId="28a3ed99-d6ba-8061-6567-ec71199cfb93" testName="GREENHERB.Tests.AuthTests.RenewTokenAsync_WithInvalidToken_ReturnsNull" computerName="DESKTOP-V2DKP5M" duration="00:00:00.0036040" startTime="2026-06-13T00:57:03.7175811+01:00" endTime="2026-06-13T00:57:03.7175813+01:00" testType="13cdc9d9-ddb5-4fa4-a97d-d965ccfc6d4b" outcome="Passed" testListId="8c84fa94-04c1-424b-9868-57a2d4851a1d" relativeResultsDirectory="363df17f-f3e9-4d91-8a1d-fa155dc0605c" />
    <UnitTestResult executionId="bec3ba19-ca99-465e-8750-68247eba1645" testId="931bb03a-9b06-fed4-1a7c-6d93f059e764" testName="TU-294: Dec8 [T] HumidityMin &gt; HumidityMax" computerName="DESKTOP-V2DKP5M" duration="00:00:00.0010000" startTime="2026-06-13T00:57:03.6911132+01:00" endTime="2026-06-13T00:57:03.6911134+01:00" testType="13cdc9d9-ddb5-4fa4-a97d-d965ccfc6d4b" outcome="NotExecuted" testListId="8c84fa94-04c1-424b-9868-57a2d4851a1d" relativeResultsDirectory="bec3ba19-ca99-465e-8750-68247eba1645">
      <Output>
        <ErrorInfo>
          <Message>Comentado: falhou localmente</Message>
        </ErrorInfo>
      </Output>
    </UnitTestResult>
    <UnitTestResult executionId="6d344ecd-d011-40f1-859b-b965066dace6" testId="9547228f-4038-779c-efd6-22775ef64e7f" testName="GREENHERB.Tests.AutomationServiceTests.GetByBatchIdAsync_WithDifferentBatches_ReturnsOnlyForSpecificBatch" computerName="DESKTOP-V2DKP5M" duration="00:00:00.0068385" startTime="2026-06-13T00:57:04.8487383+01:00" endTime="2026-06-13T00:57:04.8487387+01:00" testType="13cdc9d9-ddb5-4fa4-a97d-d965ccfc6d4b" outcome="Passed" testListId="8c84fa94-04c1-424b-9868-57a2d4851a1d" relativeResultsDirectory="6d344ecd-d011-40f1-859b-b965066dace6" />
    <UnitTestResult executionId="3e1602be-2ccb-4293-805f-664452180c9a" testId="2d75b8d3-4b7b-13bc-544a-6c1ffcf98c7f" testName="GREENHERB.Tests.tests.NotificationGatewayTests.ClearNotificationHistory_RemovesAllNotifications" computerName="DESKTOP-V2DKP5M" duration="00:00:00.0021465" startTime="2026-06-13T00:57:05.1365352+01:00" endTime="2026-06-13T00:57:05.1365355+01:00" testType="13cdc9d9-ddb5-4fa4-a97d-d965ccfc6d4b" outcome="Passed" testListId="8c84fa94-04c1-424b-9868-57a2d4851a1d" relativeResultsDirectory="3e1602be-2ccb-4293-805f-664452180c9a" />
    <UnitTestResult executionId="9b30ea6d-a1e4-4490-836f-97d5f47a9b15" testId="3ae48b26-9a63-623d-1e6d-32cf757ee149" testName="GREENHERB.Tests.tests.NotificationGatewayTests.SendBatchAlertAsync_WithEmptyAlertType_ReturnsFalse(alertType: &quot;   &quot;)" computerName="DESKTOP-V2DKP5M" duration="00:00:00.0002524" startTime="2026-06-13T00:57:04.9859828+01:00" endTime="2026-06-13T00:57:04.9859829+01:00" testType="13cdc9d9-ddb5-4fa4-a97d-d965ccfc6d4b" outcome="Passed" testListId="8c84fa94-04c1-424b-9868-57a2d4851a1d" relativeResultsDirectory="9b30ea6d-a1e4-4490-836f-97d5f47a9b15" />
    <UnitTestResult executionId="ff5785fa-df23-4de4-8b4d-87acb641cc74" testId="1fcde286-ac97-b2cb-1bfe-286d13ee108c" testName="GREENHERB.Tests.AutomationServiceTests.ActivateAsync_WithAlreadyActiveAutomation_RemainActive" computerName="DESKTOP-V2DKP5M" duration="00:00:00.0031520" startTime="2026-06-13T00:57:04.8131667+01:00" endTime="2026-06-13T00:57:04.8131668+01:00" testType="13cdc9d9-ddb5-4fa4-a97d-d965ccfc6d4b" outcome="Passed" testListId="8c84fa94-04c1-424b-9868-57a2d4851a1d" relativeResultsDirectory="ff5785fa-df23-4de4-8b4d-87acb641cc74" />
    <UnitTestResult executionId="1a8168ed-ec61-4b8a-9279-60ceb18a893c" testId="f9d8187d-7279-0c7a-44e3-48bd688aef74" testName="GREENHERB.Tests.TaskServiceTests.UpdateAsync_TransitionPendenteToEmAndamento" computerName="DESKTOP-V2DKP5M" duration="00:00:00.0073140" startTime="2026-06-13T00:57:04.9585068+01:00" endTime="2026-06-13T00:57:04.9585070+01:00" testType="13cdc9d9-ddb5-4fa4-a97d-d965ccfc6d4b" outcome="Passed" testListId="8c84fa94-04c1-424b-9868-57a2d4851a1d" relativeResultsDirectory="1a8168ed-ec61-4b8a-9279-60ceb18a893c" />
    <UnitTestResult executionId="42b73c76-bebb-4b4f-8b4e-cce11cd01f1f" testId="703a9a7c-de38-2378-89db-0b60b585fe90" testName="HerbTests.GetHerb_ById_ReturnsHerb" computerName="DESKTOP-V2DKP5M" duration="00:00:00.0068607" startTime="2026-06-13T00:57:06.4043728+01:00" endTime="2026-06-13T00:57:06.4043731+01:00" testType="13cdc9d9-ddb5-4fa4-a97d-d965ccfc6d4b" outcome="Passed" testListId="8c84fa94-04c1-424b-9868-57a2d4851a1d" relativeResultsDirectory="42b73c76-bebb-4b4f-8b4e-cce11cd01f1f" />
    <UnitTestResult executionId="a463b04e-f334-4cdf-88d5-b75849a9b763" testId="c6c6977c-9a4a-f72c-ff44-2fa24d6728c2" testName="HerbTests.ImportCsv_WithMissingColumns_ReturnsBadRequest" computerName="DESKTOP-V2DKP5M" duration="00:00:00.0050381" startTime="2026-06-13T00:57:06.3877904+01:00" endTime="2026-06-13T00:57:06.3877907+01:00" testType="13cdc9d9-ddb5-4fa4-a97d-d965ccfc6d4b" outcome="Passed" testListId="8c84fa94-04c1-424b-9868-57a2d4851a1d" relativeResultsDirectory="a463b04e-f334-4cdf-88d5-b75849a9b763" />
    <UnitTestResult executionId="4195f29e-4f5e-495e-869c-3413da8359f0" testId="3c33a7e8-9dfd-dfc7-a166-4b4258e40287" testName="GREENHERB.Tests.AutomationServiceTests.UpdateAsync_ChangeTriggerCondition" computerName="DESKTOP-V2DKP5M" duration="00:00:00.0025149" startTime="2026-06-13T00:57:04.8691919+01:00" endTime="2026-06-13T00:57:04.8691919+01:00" testType="13cdc9d9-ddb5-4fa4-a97d-d965ccfc6d4b" outcome="Passed" testListId="8c84fa94-04c1-424b-9868-57a2d4851a1d" relativeResultsDirectory="4195f29e-4f5e-495e-869c-3413da8359f0" />
    <UnitTestResult executionId="edf52cb9-4fe8-4d8f-a87f-11ae5878393c" testId="160c6476-cd09-5050-4692-4873fa6f8682" testName="GREENHERB.Tests.AlertServiceTests.GetByStatusAsync_ReturnsAlertsWithStatus" computerName="DESKTOP-V2DKP5M" duration="00:00:00.0187098" startTime="2026-06-13T00:57:04.9843819+01:00" endTime="2026-06-13T00:57:04.9843822+01:00" testType="13cdc9d9-ddb5-4fa4-a97d-d965ccfc6d4b" outcome="Passed" testListId="8c84fa94-04c1-424b-9868-57a2d4851a1d" relativeResultsDirectory="edf52cb9-4fe8-4d8f-a87f-11ae5878393c" />
    <UnitTestResult executionId="5976429c-9822-414a-9660-7616f7134083" testId="9780689f-4fdc-64dd-f1e2-0b601ad648a4" testName="GREENHERB.Tests.ReportServiceTests.CreateAsync_WithExportFormat_Stored(format: &quot;Excel&quot;)" computerName="DESKTOP-V2DKP5M" duration="00:00:00.0012371" startTime="2026-06-13T00:57:04.8581145+01:00" endTime="2026-06-13T00:57:04.8581146+01:00" testType="13cdc9d9-ddb5-4fa4-a97d-d965ccfc6d4b" outcome="Passed" testListId="8c84fa94-04c1-424b-9868-57a2d4851a1d" relativeResultsDirectory="5976429c-9822-414a-9660-7616f7134083" />
    <UnitTestResult executionId="468ce758-40c2-451c-bc23-9507dfa85d0e" testId="23143b32-36e5-905f-be6a-95147a8dab57" testName="GREENHERB.Tests.AuditLogServiceTests.GetByOperationTypeAsync_ReturnsLogsOfType" computerName="DESKTOP-V2DKP5M" duration="00:00:00.0129421" startTime="2026-06-13T00:57:04.8658947+01:00" endTime="2026-06-13T00:57:04.8658948+01:00" testType="13cdc9d9-ddb5-4fa4-a97d-d965ccfc6d4b" outcome="Passed" testListId="8c84fa94-04c1-424b-9868-57a2d4851a1d" relativeResultsDirectory="468ce758-40c2-451c-bc23-9507dfa85d0e" />
    <UnitTestResult executionId="b0a46adf-a2f7-4289-b00d-a1d0a9d949fd" testId="a3b4e8a2-3054-1d45-d53c-2d3e219c266c" testName="GREENHERB.Tests.UserServiceTests.GetByRoleAsync_WithMixedRoles_CorrectCounting" computerName="DESKTOP-V2DKP5M" duration="00:00:00.0051317" startTime="2026-06-13T00:57:05.2225720+01:00" endTime="2026-06-13T00:57:05.2225721+01:00" testType="13cdc9d9-ddb5-4fa4-a97d-d965ccfc6d4b" outcome="Passed" testListId="8c84fa94-04c1-424b-9868-57a2d4851a1d" relativeResultsDirectory="b0a46adf-a2f7-4289-b00d-a1d0a9d949fd" />
    <UnitTestResult executionId="b76db788-3d6a-4014-a711-726a96d4c999" testId="1ca7b218-f6c8-b497-5043-322bdaaef6fd" testName="GREENHERB.Tests.AlertServiceTests.GetByStatusAsync_MultipleFilters" computerName="DESKTOP-V2DKP5M" duration="00:00:00.0048868" startTime="2026-06-13T00:57:04.9903800+01:00" endTime="2026-06-13T00:57:04.9903801+01:00" testType="13cdc9d9-ddb5-4fa4-a97d-d965ccfc6d4b" outcome="Passed" testListId="8c84fa94-04c1-424b-9868-57a2d4851a1d" relativeResultsDirectory="b76db788-3d6a-4014-a711-726a96d4c999" />
    <UnitTestResult executionId="ac44cd58-02f4-4f27-90b0-af0b2d372966" testId="8a0d2065-28f4-94ed-ddcb-4047324416aa" testName="GREENHERB.Tests.AutomationServiceTests.UpdateAsync_ChangeFromAutomaticToManual" computerName="DESKTOP-V2DKP5M" duration="00:00:00.0156591" startTime="2026-06-13T00:57:04.7809532+01:00" endTime="2026-06-13T00:57:04.7809536+01:00" testType="13cdc9d9-ddb5-4fa4-a97d-d965ccfc6d4b" outcome="Passed" testListId="8c84fa94-04c1-424b-9868-57a2d4851a1d" relativeResultsDirectory="ac44cd58-02f4-4f27-90b0-af0b2d372966" />
    <UnitTestResult executionId="e3918288-854d-4527-bbd2-3be77d2d5d24" testId="0bcbb902-527b-cbec-5496-d540102d6ed0" testName="HerbTests.ImportCsv_WithEmptyFile_ReturnsBadRequest" computerName="DESKTOP-V2DKP5M" duration="00:00:00.0006918" startTime="2026-06-13T00:57:06.3143565+01:00" endTime="2026-06-13T00:57:06.3143566+01:00" testType="13cdc9d9-ddb5-4fa4-a97d-d965ccfc6d4b" outcome="Passed" testListId="8c84fa94-04c1-424b-9868-57a2d4851a1d" relativeResultsDirectory="e3918288-854d-4527-bbd2-3be77d2d5d24" />
    <UnitTestResult executionId="7e12c9eb-65ca-42e2-be8e-b4f62d6b7a19" testId="df67953e-09cd-0bf4-d013-ce8d393bea2a" testName="GREENHERB.Tests.AuthTests.ValidateEmailFormat_WithNullEmail_ReturnsFalse" computerName="DESKTOP-V2DKP5M" duration="00:00:00.0001017" startTime="2026-06-13T00:57:03.7274468+01:00" endTime="2026-06-13T00:57:03.7274470+01:00" testType="13cdc9d9-ddb5-4fa4-a97d-d965ccfc6d4b" outcome="Passed" testListId="8c84fa94-04c1-424b-9868-57a2d4851a1d" relativeResultsDirectory="7e12c9eb-65ca-42e2-be8e-b4f62d6b7a19" />
    <UnitTestResult executionId="2a843f56-0b3c-45a1-bae1-8ec6d9a1f8f6" testId="964627eb-742b-94e2-0b85-ef6b3178f2e0" testName="GREENHERB.Tests.TaskServiceTests.UpdateAsync_ChangeAssignedUser" computerName="DESKTOP-V2DKP5M" duration="00:00:00.0195385" startTime="2026-06-13T00:57:04.9106978+01:00" endTime="2026-06-13T00:57:04.9106979+01:00" testType="13cdc9d9-ddb5-4fa4-a97d-d965ccfc6d4b" outcome="Passed" testListId="8c84fa94-04c1-424b-9868-57a2d4851a1d" relativeResultsDirectory="2a843f56-0b3c-45a1-bae1-8ec6d9a1f8f6" />
    <UnitTestResult executionId="f38d92ca-7f29-4f20-897d-0ef1b7211283" testId="646f0c85-b377-b5f4-ecae-679ffaca00cc" testName="GREENHERB.Tests.BatchServiceTests.CreateAsync_WithValidStatus_CreatesWithCorrectStatus(status: &quot;Ativo&quot;)" computerName="DESKTOP-V2DKP5M" duration="00:00:00.0010698" startTime="2026-06-13T00:57:05.0890817+01:00" endTime="2026-06-13T00:57:05.0890818+01:00" testType="13cdc9d9-ddb5-4fa4-a97d-d965ccfc6d4b" outcome="Passed" testListId="8c84fa94-04c1-424b-9868-57a2d4851a1d" relativeResultsDirectory="f38d92ca-7f29-4f20-897d-0ef1b7211283" />
    <UnitTestResult executionId="d8d87e0a-abda-475b-9159-171f0d8d0588" testId="532aaeb0-10ab-1d22-c0b7-3dc3f5daaca2" testName="GREENHERB.Tests.tests.NotificationGatewayTests.SendSmsNotificationAsync_WithInvalidPhoneLength_ReturnsFalse(phoneNumber: &quot;123&quot;)" computerName="DESKTOP-V2DKP5M" duration="00:00:00.0003195" startTime="2026-06-13T00:57:05.0080265+01:00" endTime="2026-06-13T00:57:05.0080266+01:00" testType="13cdc9d9-ddb5-4fa4-a97d-d965ccfc6d4b" outcome="Passed" testListId="8c84fa94-04c1-424b-9868-57a2d4851a1d" relativeResultsDirectory="d8d87e0a-abda-475b-9159-171f0d8d0588" />
    <UnitTestResult executionId="21f30779-42eb-4ecc-9c95-c3c360b7bdf7" testId="bf6d508c-6146-05e2-24e3-45834bb9cd6d" testName="GREENHERB.Tests.AuditLogServiceTests.GetByUserIdAsync_ReturnsLogsForUser" computerName="DESKTOP-V2DKP5M" duration="00:00:00.0120679" startTime="2026-06-13T00:57:04.9158759+01:00" endTime="2026-06-13T00:57:04.9158761+01:00" testType="13cdc9d9-ddb5-4fa4-a97d-d965ccfc6d4b" outcome="Passed" testListId="8c84fa94-04c1-424b-9868-57a2d4851a1d" relativeResultsDirectory="21f30779-42eb-4ecc-9c95-c3c360b7bdf7" />
    <UnitTestResult executionId="f3719611-9719-4b14-b185-c0b0fb1ad49d" testId="7fee4ac4-0bda-f765-9d3a-a4d155544c96" testName="HerbTests.ImportCsv_WithValidRows_ImportsAndUpdates" computerName="DESKTOP-V2DKP5M" duration="00:00:00.0022480" startTime="2026-06-13T00:57:06.4127893+01:00" endTime="2026-06-13T00:57:06.4127894+01:00" testType="13cdc9d9-ddb5-4fa4-a97d-d965ccfc6d4b" outcome="Passed" testListId="8c84fa94-04c1-424b-9868-57a2d4851a1d" relativeResultsDirectory="f3719611-9719-4b14-b185-c0b0fb1ad49d" />
    <UnitTestResult executionId="53b6e9f8-1bf6-4279-940d-c3c7f641b54d" testId="9cb2db1c-7096-a954-63db-8fcb26b940d5" testName="GREENHERB.Tests.TaskServiceTests.CreateAsync_WithValidStatus_CreatesWithStatus(status: &quot;Em Andamento&quot;)" computerName="DESKTOP-V2DKP5M" duration="00:00:00.0035785" startTime="2026-06-13T00:57:04.8604504+01:00" endTime="2026-06-13T00:57:04.8604505+01:00" testType="13cdc9d9-ddb5-4fa4-a97d-d965ccfc6d4b" outcome="Passed" testListId="8c84fa94-04c1-424b-9868-57a2d4851a1d" relativeResultsDirectory="53b6e9f8-1bf6-4279-940d-c3c7f641b54d" />
    <UnitTestResult executionId="f98e80b4-8e6e-4aa6-b6bd-0e99c96ae56e" testId="e6a039d1-4ed9-1bdc-9c9a-101e3ef1624b" testName="GREENHERB.Tests.AlertServiceTests.GetByIdAsync_WithInvalidId_ReturnsNull" computerName="DESKTOP-V2DKP5M" duration="00:00:00.0026164" startTime="2026-06-13T00:57:04.9643282+01:00" endTime="2026-06-13T00:57:04.9643285+01:00" testType="13cdc9d9-ddb5-4fa4-a97d-d965ccfc6d4b" outcome="Passed" testListId="8c84fa94-04c1-424b-9868-57a2d4851a1d" relativeResultsDirectory="f98e80b4-8e6e-4aa6-b6bd-0e99c96ae56e" />
    <UnitTestResult executionId="75e7dbab-fbbf-47ee-8df2-2651242d92ea" testId="03941d7e-5697-e773-f46b-95d4615fb136" testName="GREENHERB.Tests.AuditLogServiceTests.GetByEntityAsync_ReturnsLogsForEntity" computerName="DESKTOP-V2DKP5M" duration="00:00:00.0257370" startTime="2026-06-13T00:57:04.9098388+01:00" endTime="2026-06-13T00:57:04.9098390+01:00" testType="13cdc9d9-ddb5-4fa4-a97d-d965ccfc6d4b" outcome="Passed" testListId="8c84fa94-04c1-424b-9868-57a2d4851a1d" relativeResultsDirectory="75e7dbab-fbbf-47ee-8df2-2651242d92ea" />
    <UnitTestResult executionId="b9053947-eb14-48a8-9372-8788942803ae" testId="79e92f0b-1d39-e6ba-608a-8eac5e88af5a" testName="GREENHERB.Tests.TaskServiceTests.GetByStatusAsync_WithMultipleTransitions" computerName="DESKTOP-V2DKP5M" duration="00:00:00.0059114" startTime="2026-06-13T00:57:05.0375918+01:00" endTime="2026-06-13T00:57:05.0375919+01:00" testType="13cdc9d9-ddb5-4fa4-a97d-d965ccfc6d4b" outcome="Passed" testListId="8c84fa94-04c1-424b-9868-57a2d4851a1d" relativeResultsDirectory="b9053947-eb14-48a8-9372-8788942803ae" />
    <UnitTestResult executionId="5070266d-4c47-4eae-877d-a8eb5d4878cc" testId="3ba2d7b7-3ef4-fd39-58f9-dbb2e6e10da1" testName="GREENHERB.Tests.BatchServiceTests.GetByPlanIdAsync_WithInvalidPlanId_ReturnsEmptyList" computerName="DESKTOP-V2DKP5M" duration="00:00:00.0016384" startTime="2026-06-13T00:57:05.1094104+01:00" endTime="2026-06-13T00:57:05.1094106+01:00" testType="13cdc9d9-ddb5-4fa4-a97d-d965ccfc6d4b" outcome="Passed" testListId="8c84fa94-04c1-424b-9868-57a2d4851a1d" relativeResultsDirectory="5070266d-4c47-4eae-877d-a8eb5d4878cc" />
    <UnitTestResult executionId="4ae4b141-7d8d-46fc-ab56-b48032b1ec31" testId="0b6d50bf-d1f0-5149-f2d2-3524444ddc8e" testName="GREENHERB.Tests.MeasurementServiceTests.CreateAsync_WithVariousTemperatures_Stored(temperature: 60)" computerName="DESKTOP-V2DKP5M" duration="00:00:00.0011048" startTime="2026-06-13T00:57:04.8126870+01:00" endTime="2026-06-13T00:57:04.8126871+01:00" testType="13cdc9d9-ddb5-4fa4-a97d-d965ccfc6d4b" outcome="Passed" testListId="8c84fa94-04c1-424b-9868-57a2d4851a1d" relativeResultsDirectory="4ae4b141-7d8d-46fc-ab56-b48032b1ec31" />
    <UnitTestResult executionId="45453adb-0b90-4906-8029-ee52660989da" testId="a0fa31d9-1ad3-df4a-cdca-fadc1ad9d5da" testName="GREENHERB.Tests.AutomationServiceTests.DeactivateAsync_WithActiveAutomation_Deactivates" computerName="DESKTOP-V2DKP5M" duration="00:00:00.0127863" startTime="2026-06-13T00:57:04.8613183+01:00" endTime="2026-06-13T00:57:04.8613185+01:00" testType="13cdc9d9-ddb5-4fa4-a97d-d965ccfc6d4b" outcome="Passed" testListId="8c84fa94-04c1-424b-9868-57a2d4851a1d" relativeResultsDirectory="45453adb-0b90-4906-8029-ee52660989da" />
    <UnitTestResult executionId="d6767212-b785-45bf-9aec-8daddb0fffe1" testId="01c9e961-9d39-9a13-69ad-e4c0b27913a6" testName="GREENHERB.Tests.AuthTests.ValidatePasswordLength_UsesBoundaries(password: &quot;1234567&quot;, expected: False)" computerName="DESKTOP-V2DKP5M" duration="00:00:00.0003491" startTime="2026-06-13T00:57:03.5858112+01:00" endTime="2026-06-13T00:57:03.5858118+01:00" testType="13cdc9d9-ddb5-4fa4-a97d-d965ccfc6d4b" outcome="Passed" testListId="8c84fa94-04c1-424b-9868-57a2d4851a1d" relativeResultsDirectory="d6767212-b785-45bf-9aec-8daddb0fffe1" />
    <UnitTestResult executionId="0d963f7e-5f6b-43a2-a5ba-f0e88d2e3c9e" testId="fbd63660-c17e-6ab3-941d-837bf2dd5edc" testName="GREENHERB.Tests.ReportServiceTests.CreateAsync_WithInvalidUserId_ReturnsNull" computerName="DESKTOP-V2DKP5M" duration="00:00:00.0035467" startTime="2026-06-13T00:57:04.9648349+01:00" endTime="2026-06-13T00:57:04.9648350+01:00" testType="13cdc9d9-ddb5-4fa4-a97d-d965ccfc6d4b" outcome="Passed" testListId="8c84fa94-04c1-424b-9868-57a2d4851a1d" relativeResultsDirectory="0d963f7e-5f6b-43a2-a5ba-f0e88d2e3c9e" />
    <UnitTestResult executionId="745edd38-0549-491a-9706-7c953c6c5a20" testId="cb3dfe1a-deac-b387-f419-a54de6a07687" testName="GREENHERB.Tests.AuditLogServiceTests.DeleteOldLogsAsync_RemovesLogsBeforeDate" computerName="DESKTOP-V2DKP5M" duration="00:00:00.0010000" startTime="2026-06-13T00:57:04.9479976+01:00" endTime="2026-06-13T00:57:04.9479978+01:00" testType="13cdc9d9-ddb5-4fa4-a97d-d965ccfc6d4b" outcome="NotExecuted" testListId="8c84fa94-04c1-424b-9868-57a2d4851a1d" relativeResultsDirectory="745edd38-0549-491a-9706-7c953c6c5a20">
      <Output>
        <ErrorInfo>
          <Message>Comentado: falhou localmente</Message>
        </ErrorInfo>
      </Output>
    </UnitTestResult>
    <UnitTestResult executionId="81f85d92-598e-4890-9ce7-137d5161314c" testId="d431a4d0-e116-2fd8-66f3-4a519f7a75ef" testName="HerbTests.CreatePlan_WithInvalidRequest_ReturnsBadRequest" computerName="DESKTOP-V2DKP5M" duration="00:00:00.0010000" startTime="2026-06-13T00:57:06.4067831+01:00" endTime="2026-06-13T00:57:06.4067831+01:00" testType="13cdc9d9-ddb5-4fa4-a97d-d965ccfc6d4b" outcome="NotExecuted" testListId="8c84fa94-04c1-424b-9868-57a2d4851a1d" relativeResultsDirectory="81f85d92-598e-4890-9ce7-137d5161314c">
      <Output>
        <ErrorInfo>
          <Message>Comentado: falhou localmente</Message>
        </ErrorInfo>
      </Output>
    </UnitTestResult>
    <UnitTestResult executionId="1b20cdb2-7bd9-46ad-b292-eb2035a9f1f3" testId="6ab9817f-8f1a-751f-757f-4be845329f98" testName="GREENHERB.Tests.MeasurementServiceTests.CreateAsync_WithInvalidBatchId_ReturnsNull" computerName="DESKTOP-V2DKP5M" duration="00:00:00.0012799" startTime="2026-06-13T00:57:04.9376306+01:00" endTime="2026-06-13T00:57:04.9376307+01:00" testType="13cdc9d9-ddb5-4fa4-a97d-d965ccfc6d4b" outcome="Passed" testListId="8c84fa94-04c1-424b-9868-57a2d4851a1d" relativeResultsDirectory="1b20cdb2-7bd9-46ad-b292-eb2035a9f1f3" />
    <UnitTestResult executionId="8bf28522-d19c-4f1b-aefc-b47e0c7434be" testId="02efbeb6-7db5-de4c-762e-b6f3f21e6fb2" testName="TU-271: Dec2 Boundary plan.HerbId=0 AND herbId=0" computerName="DESKTOP-V2DKP5M" duration="00:00:00.0010000" startTime="2026-06-13T00:57:03.6971322+01:00" endTime="2026-06-13T00:57:03.6971324+01:00" testType="13cdc9d9-ddb5-4fa4-a97d-d965ccfc6d4b" outcome="NotExecuted" testListId="8c84fa94-04c1-424b-9868-57a2d4851a1d" relativeResultsDirectory="8bf28522-d19c-4f1b-aefc-b47e0c7434be">
      <Output>
        <ErrorInfo>
          <Message>Comentado: falhou localmente</Message>
        </ErrorInfo>
      </Output>
    </UnitTestResult>
    <UnitTestResult executionId="d2d875b2-a7c9-49d7-bcbc-2fcc0bb6e96a" testId="d741897d-c992-9e16-9bb7-595f191270e6" testName="GREENHERB.Tests.MeasurementServiceTests.DeleteAsync_WithValidId_DeletesMeasurement" computerName="DESKTOP-V2DKP5M" duration="00:00:00.0034089" startTime="2026-06-13T00:57:04.8576870+01:00" endTime="2026-06-13T00:57:04.8576872+01:00" testType="13cdc9d9-ddb5-4fa4-a97d-d965ccfc6d4b" outcome="Passed" testListId="8c84fa94-04c1-424b-9868-57a2d4851a1d" relativeResultsDirectory="d2d875b2-a7c9-49d7-bcbc-2fcc0bb6e96a" />
    <UnitTestResult executionId="7b644a14-fb6e-433a-ac28-485ea48bbb4d" testId="12af3f7e-ce63-7f0e-3ca2-caee89a5f346" testName="GREENHERB.Tests.AutomationServiceTests.DeleteAsync_WithValidId_DeletesAutomation" computerName="DESKTOP-V2DKP5M" duration="00:00:00.0031784" startTime="2026-06-13T00:57:04.8170241+01:00" endTime="2026-06-13T00:57:04.8170245+01:00" testType="13cdc9d9-ddb5-4fa4-a97d-d965ccfc6d4b" outcome="Passed" testListId="8c84fa94-04c1-424b-9868-57a2d4851a1d" relativeResultsDirectory="7b644a14-fb6e-433a-ac28-485ea48bbb4d" />
    <UnitTestResult executionId="e157c994-4b90-4c67-801e-4667500c2c6d" testId="a02e10bb-1d38-b02c-7746-0c985a31ac82" testName="GREENHERB.Tests.AuthTests.ValidateToken_WithEmptyToken_ReturnsFalse" computerName="DESKTOP-V2DKP5M" duration="00:00:00.0001912" startTime="2026-06-13T00:57:03.7169584+01:00" endTime="2026-06-13T00:57:03.7169587+01:00" testType="13cdc9d9-ddb5-4fa4-a97d-d965ccfc6d4b" outcome="Passed" testListId="8c84fa94-04c1-424b-9868-57a2d4851a1d" relativeResultsDirectory="e157c994-4b90-4c67-801e-4667500c2c6d" />
    <UnitTestResult executionId="859e0dcb-5034-4156-892e-5fcb2c9a87d9" testId="e2330d7f-349d-6585-f149-2e95457a8def" testName="GREENHERB.Tests.MeasurementServiceTests.CreateAsync_WithVariousTemperatures_Stored(temperature: 0)" computerName="DESKTOP-V2DKP5M" duration="00:00:00.0035317" startTime="2026-06-13T00:57:04.8211960+01:00" endTime="2026-06-13T00:57:04.8211961+01:00" testType="13cdc9d9-ddb5-4fa4-a97d-d965ccfc6d4b" outcome="Passed" testListId="8c84fa94-04c1-424b-9868-57a2d4851a1d" relativeResultsDirectory="859e0dcb-5034-4156-892e-5fcb2c9a87d9" />
    <UnitTestResult executionId="21dd3b0d-373f-4a6b-a735-3e16b991d5f3" testId="a7fe9d9a-5c1d-ea5b-1ce4-a5805db530f1" testName="GREENHERB.Tests.ReportServiceTests.CreateAsync_SetsCreatedByUser" computerName="DESKTOP-V2DKP5M" duration="00:00:00.0217681" startTime="2026-06-13T00:57:04.9618877+01:00" endTime="2026-06-13T00:57:04.9618878+01:00" testType="13cdc9d9-ddb5-4fa4-a97d-d965ccfc6d4b" outcome="Passed" testListId="8c84fa94-04c1-424b-9868-57a2d4851a1d" relativeResultsDirectory="21dd3b0d-373f-4a6b-a735-3e16b991d5f3" />
    <UnitTestResult executionId="4c4376f8-d805-428b-9f47-8c7871d021ff" testId="b35dcb04-9831-9bf3-db77-c2cc22b3e5e1" testName="GREENHERB.Tests.tests.TemperatureGatewayTests.GetCurrentTemperatureAsync_WithInvalidBatchId_ReturnsNull" computerName="DESKTOP-V2DKP5M" duration="00:00:00.0006662" startTime="2026-06-13T00:57:04.9398978+01:00" endTime="2026-06-13T00:57:04.9398979+01:00" testType="13cdc9d9-ddb5-4fa4-a97d-d965ccfc6d4b" outcome="Passed" testListId="8c84fa94-04c1-424b-9868-57a2d4851a1d" relativeResultsDirectory="4c4376f8-d805-428b-9f47-8c7871d021ff" />
    <UnitTestResult executionId="0a5fa7d4-e4dd-41f0-b6e0-84f6421d7138" testId="f8762db8-ce19-61a0-853e-d6dc2eb3872b" testName="GREENHERB.Tests.AlertServiceTests.IgnoreAsync_WithValidUser_MarksAlertIgnored" computerName="DESKTOP-V2DKP5M" duration="00:00:00.0022094" startTime="2026-06-13T00:57:05.0583745+01:00" endTime="2026-06-13T00:57:05.0583747+01:00" testType="13cdc9d9-ddb5-4fa4-a97d-d965ccfc6d4b" outcome="Passed" testListId="8c84fa94-04c1-424b-9868-57a2d4851a1d" relativeResultsDirectory="0a5fa7d4-e4dd-41f0-b6e0-84f6421d7138" />
    <UnitTestResult executionId="bc7b5310-92e7-47fb-bb04-f6c2e0004ec2" testId="ac55f324-eee5-bd1b-0266-3ffc6765493b" testName="TU-278: Dec6 [T] WateringFrequencyDays=-5 Negativo" computerName="DESKTOP-V2DKP5M" duration="00:00:00.0010000" startTime="2026-06-13T00:57:03.6807747+01:00" endTime="2026-06-13T00:57:03.6807749+01:00" testType="13cdc9d9-ddb5-4fa4-a97d-d965ccfc6d4b" outcome="NotExecuted" testListId="8c84fa94-04c1-424b-9868-57a2d4851a1d" relativeResultsDirectory="bc7b5310-92e7-47fb-bb04-f6c2e0004ec2">
      <Output>
        <ErrorInfo>
          <Message>Comentado: falhou localmente</Message>
        </ErrorInfo>
      </Output>
    </UnitTestResult>
    <UnitTestResult executionId="8d3cf360-c300-42f8-a40e-69ac85324981" testId="3e70a664-cbfa-a36a-fd94-d08116cf03c5" testName="GREENHERB.Tests.AuthTests.RegisterAsync_WithEmptyEmail_ReturnsNull" computerName="DESKTOP-V2DKP5M" duration="00:00:00.0005730" startTime="2026-06-13T00:57:03.7227317+01:00" endTime="2026-06-13T00:57:03.7227321+01:00" testType="13cdc9d9-ddb5-4fa4-a97d-d965ccfc6d4b" outcome="Passed" testListId="8c84fa94-04c1-424b-9868-57a2d4851a1d" relativeResultsDirectory="8d3cf360-c300-42f8-a40e-69ac85324981" />
    <UnitTestResult executionId="5d56abbf-e72b-4e71-ac8b-0bb07f13959f" testId="6ba9ff1e-93fe-01e7-56b0-d0abcb25e30b" testName="GREENHERB.Tests.AutomationServiceTests.ActivateAsync_WithInactiveAutomation_Activates" computerName="DESKTOP-V2DKP5M" duration="00:00:00.0021268" startTime="2026-06-13T00:57:04.8832362+01:00" endTime="2026-06-13T00:57:04.8832363+01:00" testType="13cdc9d9-ddb5-4fa4-a97d-d965ccfc6d4b" outcome="Passed" testListId="8c84fa94-04c1-424b-9868-57a2d4851a1d" relativeResultsDirectory="5d56abbf-e72b-4e71-ac8b-0bb07f13959f" />
    <UnitTestResult executionId="adcca93f-40ba-4112-a201-ee1c38fcaa71" testId="697b460e-5004-4856-6b09-0165455a83a6" testName="GREENHERB.Tests.ReportServiceTests.GetAllAsync_WithNoReports_ReturnsEmptyList" computerName="DESKTOP-V2DKP5M" duration="00:00:00.0483699" startTime="2026-06-13T00:57:04.8889394+01:00" endTime="2026-06-13T00:57:04.8889394+01:00" testType="13cdc9d9-ddb5-4fa4-a97d-d965ccfc6d4b" outcome="Passed" testListId="8c84fa94-04c1-424b-9868-57a2d4851a1d" relativeResultsDirectory="adcca93f-40ba-4112-a201-ee1c38fcaa71" />
    <UnitTestResult executionId="fb3222ce-ad10-40c2-af63-d7345d763946" testId="3bee823b-d4bd-5e68-16d6-b88034a3fd5d" testName="GREENHERB.Tests.BatchServiceTests.GetByPlanIdAsync_WithValidPlanId_ReturnsBatchesForPlan" computerName="DESKTOP-V2DKP5M" duration="00:00:00.0022496" startTime="2026-06-13T00:57:05.1251989+01:00" endTime="2026-06-13T00:57:05.1251991+01:00" testType="13cdc9d9-ddb5-4fa4-a97d-d965ccfc6d4b" outcome="Passed" testListId="8c84fa94-04c1-424b-9868-57a2d4851a1d" relativeResultsDirectory="fb3222ce-ad10-40c2-af63-d7345d763946" />
    <UnitTestResult executionId="1965c846-4711-4ade-9f32-143f84e46de1" testId="ce9e744b-02ee-99cc-d6b9-56e35641350d" testName="GREENHERB.Tests.UserServiceTests.CreateAsync_WithNullFullName_ReturnsNull" computerName="DESKTOP-V2DKP5M" duration="00:00:00.0015075" startTime="2026-06-13T00:57:05.2069510+01:00" endTime="2026-06-13T00:57:05.2069510+01:00" testType="13cdc9d9-ddb5-4fa4-a97d-d965ccfc6d4b" outcome="Passed" testListId="8c84fa94-04c1-424b-9868-57a2d4851a1d" relativeResultsDirectory="1965c846-4711-4ade-9f32-143f84e46de1" />
    <UnitTestResult executionId="a870e6b3-9476-445f-aa0b-81269c685ab2" testId="815f3847-1a64-bbb3-21ca-b75ef3370615" testName="GREENHERB.Tests.tests.TemperatureGatewayTests.GetSensorErrorsAsync_WithNoPriorErrors_ReturnsEmpty" computerName="DESKTOP-V2DKP5M" duration="00:00:00.0006350" startTime="2026-06-13T00:57:04.9579808+01:00" endTime="2026-06-13T00:57:04.9579809+01:00" testType="13cdc9d9-ddb5-4fa4-a97d-d965ccfc6d4b" outcome="Passed" testListId="8c84fa94-04c1-424b-9868-57a2d4851a1d" relativeResultsDirectory="a870e6b3-9476-445f-aa0b-81269c685ab2" />
    <UnitTestResult executionId="c12e3ae8-fb07-4a43-a21f-a651942cb494" testId="5c58d307-70f7-9290-e3d0-01238e2a759c" testName="GREENHERB.Tests.tests.TemperatureGatewayTests.GetCurrentTemperatureAsync_MultipleValidBatchIds_ReturnsValidMeasurements(batchId: 1)" computerName="DESKTOP-V2DKP5M" duration="00:00:00.0000503" startTime="2026-06-13T00:57:04.9140923+01:00" endTime="2026-06-13T00:57:04.9140923+01:00" testType="13cdc9d9-ddb5-4fa4-a97d-d965ccfc6d4b" outcome="Passed" testListId="8c84fa94-04c1-424b-9868-57a2d4851a1d" relativeResultsDirectory="c12e3ae8-fb07-4a43-a21f-a651942cb494" />
    <UnitTestResult executionId="53a49210-5129-4d75-b832-6d284f0bb7c0" testId="1e03615a-dd6b-ce68-c162-d0926aba1d24" testName="GREENHERB.Tests.AutomationServiceTests.GetActiveAsync_ReturnsOnlyActiveAutomations" computerName="DESKTOP-V2DKP5M" duration="00:00:01.2534789" startTime="2026-06-13T00:57:04.7582066+01:00" endTime="2026-06-13T00:57:04.7582067+01:00" testType="13cdc9d9-ddb5-4fa4-a97d-d965ccfc6d4b" outcome="Passed" testListId="8c84fa94-04c1-424b-9868-57a2d4851a1d" relativeResultsDirectory="53a49210-5129-4d75-b832-6d284f0bb7c0" />
    <UnitTestResult executionId="90016cfa-fa2e-4efb-ba9c-5724035c8ee3" testId="3d90b667-95ce-8a2f-314a-fc95135f4caf" testName="GREENHERB.Tests.AuthTests.ValidatePasswordLength_WithNullPassword_ReturnsFalse" computerName="DESKTOP-V2DKP5M" duration="00:00:00.0001655" startTime="2026-06-13T00:57:03.6784953+01:00" endTime="2026-06-13T00:57:03.6784956+01:00" testType="13cdc9d9-ddb5-4fa4-a97d-d965ccfc6d4b" outcome="Passed" testListId="8c84fa94-04c1-424b-9868-57a2d4851a1d" relativeResultsDirectory="90016cfa-fa2e-4efb-ba9c-5724035c8ee3" />
    <UnitTestResult executionId="6ab2b34c-ac7c-43ab-b040-2b84e53597cd" testId="0123488c-2a41-04a3-9f22-2bd14ab3ca25" testName="GREENHERB.Tests.MeasurementServiceTests.CreateAsync_WithMeasurementDateTime_Stored" computerName="DESKTOP-V2DKP5M" duration="00:00:00.0177493" startTime="2026-06-13T00:57:04.9653211+01:00" endTime="2026-06-13T00:57:04.9653212+01:00" testType="13cdc9d9-ddb5-4fa4-a97d-d965ccfc6d4b" outcome="Passed" testListId="8c84fa94-04c1-424b-9868-57a2d4851a1d" relativeResultsDirectory="6ab2b34c-ac7c-43ab-b040-2b84e53597cd" />
    <UnitTestResult executionId="d37b59d6-ddcf-4c2e-bb6d-75d3b69fb3f4" testId="0057a3b6-51a2-b4f8-55ad-bec99e06447b" testName="GREENHERB.Tests.BatchServiceTests.UpdateAsync_ChangeStatus_FromAtivoToEncerrado" computerName="DESKTOP-V2DKP5M" duration="00:00:00.0017373" startTime="2026-06-13T00:57:05.0560703+01:00" endTime="2026-06-13T00:57:05.0560706+01:00" testType="13cdc9d9-ddb5-4fa4-a97d-d965ccfc6d4b" outcome="Passed" testListId="8c84fa94-04c1-424b-9868-57a2d4851a1d" relativeResultsDirectory="d37b59d6-ddcf-4c2e-bb6d-75d3b69fb3f4" />
    <UnitTestResult executionId="d7fdcdc0-90e8-47fa-ae55-a57dad363fa8" testId="ffdaf78e-d676-1d12-b35a-058a3ded1474" testName="GREENHERB.Tests.TaskServiceTests.CreateAsync_WithNullName_ReturnsNull" computerName="DESKTOP-V2DKP5M" duration="00:00:01.2534388" startTime="2026-06-13T00:57:04.7578897+01:00" endTime="2026-06-13T00:57:04.7578899+01:00" testType="13cdc9d9-ddb5-4fa4-a97d-d965ccfc6d4b" outcome="Passed" testListId="8c84fa94-04c1-424b-9868-57a2d4851a1d" relativeResultsDirectory="d7fdcdc0-90e8-47fa-ae55-a57dad363fa8" />
    <UnitTestResult executionId="db5826c4-3813-4a81-b490-8d0ce5edbccf" testId="07fbe15a-8a1a-bce8-7e3d-b1251331d5cd" testName="GREENHERB.Tests.tests.TemperatureGatewayTests.GetTemperatureReadingsAsync_WithInvertedPeriod_ReturnsEmpty" computerName="DESKTOP-V2DKP5M" duration="00:00:00.0013297" startTime="2026-06-13T00:57:04.9496153+01:00" endTime="2026-06-13T00:57:04.9496156+01:00" testType="13cdc9d9-ddb5-4fa4-a97d-d965ccfc6d4b" outcome="Passed" testListId="8c84fa94-04c1-424b-9868-57a2d4851a1d" relativeResultsDirectory="db5826c4-3813-4a81-b490-8d0ce5edbccf" />
    <UnitTestResult executionId="cb9843f9-35db-4fe4-a161-fdc2be88380b" testId="3a96974c-83e9-3c4a-bc0a-ec179cb537f2" testName="TU-264: Dec2 [C1=F, C2=T] plan.HerbId=3 AND herbId=0" computerName="DESKTOP-V2DKP5M" duration="00:00:00.0010000" startTime="2026-06-13T00:57:03.5686454+01:00" endTime="2026-06-13T00:57:03.5686461+01:00" testType="13cdc9d9-ddb5-4fa4-a97d-d965ccfc6d4b" outcome="NotExecuted" testListId="8c84fa94-04c1-424b-9868-57a2d4851a1d" relativeResultsDirectory="cb9843f9-35db-4fe4-a161-fdc2be88380b">
      <Output>
        <ErrorInfo>
          <Message>Comentado: falhou localmente</Message>
        </ErrorInfo>
      </Output>
    </UnitTestResult>
    <UnitTestResult executionId="2a2f5721-9548-4e7b-814b-8b900084c38d" testId="6ee74897-c494-b2d2-8e8d-94becb4267e2" testName="GREENHERB.Tests.BatchServiceTests.CreateAsync_WithPartialDivisions_StoredCorrectly" computerName="DESKTOP-V2DKP5M" duration="00:00:00.0016672" startTime="2026-06-13T00:57:05.0951473+01:00" endTime="2026-06-13T00:57:05.0951477+01:00" testType="13cdc9d9-ddb5-4fa4-a97d-d965ccfc6d4b" outcome="Passed" testListId="8c84fa94-04c1-424b-9868-57a2d4851a1d" relativeResultsDirectory="2a2f5721-9548-4e7b-814b-8b900084c38d" />
    <UnitTestResult executionId="83aba59e-913c-4f23-9eb0-8a03ad1cd448" testId="fc3efa9e-3969-5741-ed22-bfb945c9d62c" testName="GREENHERB.Tests.BatchServiceTests.UpdateAsync_WithValidData_UpdatesBatch" computerName="DESKTOP-V2DKP5M" duration="00:00:00.0042464" startTime="2026-06-13T00:57:05.0517991+01:00" endTime="2026-06-13T00:57:05.0518002+01:00" testType="13cdc9d9-ddb5-4fa4-a97d-d965ccfc6d4b" outcome="Passed" testListId="8c84fa94-04c1-424b-9868-57a2d4851a1d" relativeResultsDirectory="83aba59e-913c-4f23-9eb0-8a03ad1cd448" />
    <UnitTestResult executionId="5663cefa-d56c-4155-a48a-c0eba77433f4" testId="506434f7-ab28-608f-095b-2a8a8b0b8c7d" testName="GREENHERB.Tests.tests.NotificationGatewayTests.SendPushNotificationAsync_WithValidUserId_ReturnsTrue" computerName="DESKTOP-V2DKP5M" duration="00:00:00.0007127" startTime="2026-06-13T00:57:05.0197670+01:00" endTime="2026-06-13T00:57:05.0197672+01:00" testType="13cdc9d9-ddb5-4fa4-a97d-d965ccfc6d4b" outcome="Passed" testListId="8c84fa94-04c1-424b-9868-57a2d4851a1d" relativeResultsDirectory="5663cefa-d56c-4155-a48a-c0eba77433f4" />
    <UnitTestResult executionId="10ae7bbe-5c9e-4347-bf95-b88a6e9f8978" testId="b8f5fafa-51a0-1c50-b45c-c579230e8bfd" testName="GREENHERB.Tests.tests.TemperatureGatewayTests.GetTemperatureReadingsAsync_WithSamePeriod_ReturnsOneMeasurement" computerName="DESKTOP-V2DKP5M" duration="00:00:00.0008809" startTime="2026-06-13T00:57:04.9198189+01:00" endTime="2026-06-13T00:57:04.9198190+01:00" testType="13cdc9d9-ddb5-4fa4-a97d-d965ccfc6d4b" outcome="Passed" testListId="8c84fa94-04c1-424b-9868-57a2d4851a1d" relativeResultsDirectory="10ae7bbe-5c9e-4347-bf95-b88a6e9f8978" />
    <UnitTestResult executionId="e41dacd2-e821-4af2-8362-e4d714285dae" testId="f8def6e4-eb2a-d68b-1372-532a8dee821b" testName="GREENHERB.Tests.tests.TemperatureGatewayTests.IsSensorAvailableAsync_DefaultState_ReturnsTrue" computerName="DESKTOP-V2DKP5M" duration="00:00:00.0006190" startTime="2026-06-13T00:57:04.9706700+01:00" endTime="2026-06-13T00:57:04.9706701+01:00" testType="13cdc9d9-ddb5-4fa4-a97d-d965ccfc6d4b" outcome="Passed" testListId="8c84fa94-04c1-424b-9868-57a2d4851a1d" relativeResultsDirectory="e41dacd2-e821-4af2-8362-e4d714285dae" />
    <UnitTestResult executionId="d191c834-9baf-44bf-8c6e-7e4ae018a8e3" testId="3fe80b52-67b9-e97a-697c-dc1fce756c53" testName="TU-284: DurationDays e StartDate inválidos - precedência Duration" computerName="DESKTOP-V2DKP5M" duration="00:00:00.0010000" startTime="2026-06-13T00:57:03.7091358+01:00" endTime="2026-06-13T00:57:03.7091361+01:00" testType="13cdc9d9-ddb5-4fa4-a97d-d965ccfc6d4b" outcome="NotExecuted" testListId="8c84fa94-04c1-424b-9868-57a2d4851a1d" relativeResultsDirectory="d191c834-9baf-44bf-8c6e-7e4ae018a8e3">
      <Output>
        <ErrorInfo>
          <Message>Comentado: falhou localmente</Message>
        </ErrorInfo>
      </Output>
    </UnitTestResult>
    <UnitTestResult executionId="bcb96edd-1fab-4db6-8340-f9873afd3ff3" testId="3bca6d85-176c-af9d-3786-d338ab50b425" testName="GREENHERB.Tests.UserServiceTests.ChangeRoleAsync_FromResponsavelToAdministrador" computerName="DESKTOP-V2DKP5M" duration="00:00:00.0588363" startTime="2026-06-13T00:57:05.0312153+01:00" endTime="2026-06-13T00:57:05.0312154+01:00" testType="13cdc9d9-ddb5-4fa4-a97d-d965ccfc6d4b" outcome="Passed" testListId="8c84fa94-04c1-424b-9868-57a2d4851a1d" relativeResultsDirectory="bcb96edd-1fab-4db6-8340-f9873afd3ff3" />
    <UnitTestResult executionId="31d571f3-52f0-464a-a9f2-ceb8880f6ce9" testId="94ccb44a-ee3b-5c34-d436-1fe83f9f559c" testName="GREENHERB.Tests.BatchServiceTests.DeleteAsync_BatchWithoutTasks_DeletesSuccessfully" computerName="DESKTOP-V2DKP5M" duration="00:00:00.0042211" startTime="2026-06-13T00:57:05.1199510+01:00" endTime="2026-06-13T00:57:05.1199513+01:00" testType="13cdc9d9-ddb5-4fa4-a97d-d965ccfc6d4b" outcome="Passed" testListId="8c84fa94-04c1-424b-9868-57a2d4851a1d" relativeResultsDirectory="31d571f3-52f0-464a-a9f2-ceb8880f6ce9" />
    <UnitTestResult executionId="bdf121d3-16ce-4b63-beec-ad211578328f" testId="e59ecfb9-510d-6f55-d9b6-ce1abfba2f55" testName="HerbTests.DeleteHerb_WithValidId_DeletesHerb" computerName="DESKTOP-V2DKP5M" duration="00:00:00.0051248" startTime="2026-06-13T00:57:06.3824564+01:00" endTime="2026-06-13T00:57:06.3824567+01:00" testType="13cdc9d9-ddb5-4fa4-a97d-d965ccfc6d4b" outcome="Passed" testListId="8c84fa94-04c1-424b-9868-57a2d4851a1d" relativeResultsDirectory="bdf121d3-16ce-4b63-beec-ad211578328f" />
    <UnitTestResult executionId="ea3f247c-4fc4-4bc3-909a-d404b32155da" testId="226ffaee-ad20-5372-b4b2-2ef879e58481" testName="GREENHERB.Tests.AuthTests.AuthenticateAsync_CaseSensitive_WithDifferentCase_ReturnsNull" computerName="DESKTOP-V2DKP5M" duration="00:00:00.0008194" startTime="2026-06-13T00:57:03.6790574+01:00" endTime="2026-06-13T00:57:03.6790575+01:00" testType="13cdc9d9-ddb5-4fa4-a97d-d965ccfc6d4b" outcome="Passed" testListId="8c84fa94-04c1-424b-9868-57a2d4851a1d" relativeResultsDirectory="ea3f247c-4fc4-4bc3-909a-d404b32155da" />
    <UnitTestResult executionId="cd1b1beb-9239-4a7e-9ce0-714244cf90ee" testId="20dddb17-4428-947c-30a5-1779c52657b0" testName="GREENHERB.Tests.tests.TemperatureGatewayTests.GetTemperatureReadingsAsync_AllReadingsHaveConsistentBatchId" computerName="DESKTOP-V2DKP5M" duration="00:00:00.0008870" startTime="2026-06-13T00:57:04.9202446+01:00" endTime="2026-06-13T00:57:04.9202447+01:00" testType="13cdc9d9-ddb5-4fa4-a97d-d965ccfc6d4b" outcome="Passed" testListId="8c84fa94-04c1-424b-9868-57a2d4851a1d" relativeResultsDirectory="cd1b1beb-9239-4a7e-9ce0-714244cf90ee" />
    <UnitTestResult executionId="44cda6dc-e392-481a-80c0-0a7ead9a068c" testId="f766724d-02fc-8a01-34db-d0a49f30cdb7" testName="GREENHERB.Tests.UserServiceTests.GetByRoleAsync_WithNoUsersOfRole_ReturnsEmptyList" computerName="DESKTOP-V2DKP5M" duration="00:00:00.0027058" startTime="2026-06-13T00:57:05.2390483+01:00" endTime="2026-06-13T00:57:05.2390488+01:00" testType="13cdc9d9-ddb5-4fa4-a97d-d965ccfc6d4b" outcome="Passed" testListId="8c84fa94-04c1-424b-9868-57a2d4851a1d" relativeResultsDirectory="44cda6dc-e392-481a-80c0-0a7ead9a068c" />
    <UnitTestResult executionId="648c4751-66a8-40fe-bf54-cbe478353de4" testId="99b73680-4e76-54e8-1381-c7de117c3805" testName="TU-261: Plan nulo → BadRequest" computerName="DESKTOP-V2DKP5M" duration="00:00:00.0010000" startTime="2026-06-13T00:57:03.7014424+01:00" endTime="2026-06-13T00:57:03.7014426+01:00" testType="13cdc9d9-ddb5-4fa4-a97d-d965ccfc6d4b" outcome="NotExecuted" testListId="8c84fa94-04c1-424b-9868-57a2d4851a1d" relativeResultsDirectory="648c4751-66a8-40fe-bf54-cbe478353de4">
      <Output>
        <ErrorInfo>
          <Message>Comentado: falhou localmente</Message>
        </ErrorInfo>
      </Output>
    </UnitTestResult>
    <UnitTestResult executionId="d36eab95-aed9-427b-b264-397cd62215bc" testId="da8602d6-9560-b4c4-3e6b-5c38ecb45403" testName="GREENHERB.Tests.UserServiceTests.UpdateAsync_WithValidData_UpdatesUser" computerName="DESKTOP-V2DKP5M" duration="00:00:00.0025090" startTime="2026-06-13T00:57:05.2319140+01:00" endTime="2026-06-13T00:57:05.2319143+01:00" testType="13cdc9d9-ddb5-4fa4-a97d-d965ccfc6d4b" outcome="Passed" testListId="8c84fa94-04c1-424b-9868-57a2d4851a1d" relativeResultsDirectory="d36eab95-aed9-427b-b264-397cd62215bc" />
    <UnitTestResult executionId="2e846375-7418-4d24-afc6-89f4bac3b5dd" testId="aa2cf1b9-57ea-397c-a388-b63afb167327" testName="GREENHERB.Tests.BatchServiceTests.DeleteAsync_WithValidId_DeletesBatch" computerName="DESKTOP-V2DKP5M" duration="00:00:00.0027464" startTime="2026-06-13T00:57:05.1228329+01:00" endTime="2026-06-13T00:57:05.1228331+01:00" testType="13cdc9d9-ddb5-4fa4-a97d-d965ccfc6d4b" outcome="Passed" testListId="8c84fa94-04c1-424b-9868-57a2d4851a1d" relativeResultsDirectory="2e846375-7418-4d24-afc6-89f4bac3b5dd" />
    <UnitTestResult executionId="53ee7e22-6cee-418d-b1c2-1a17a39db179" testId="7263ccd2-76c1-e393-422c-1d11f0e411bd" testName="GREENHERB.Tests.tests.NotificationGatewayTests.GetSentNotificationsAsync_AfterSendingNotifications_ReturnsAll" computerName="DESKTOP-V2DKP5M" duration="00:00:00.0010797" startTime="2026-06-13T00:57:05.0155875+01:00" endTime="2026-06-13T00:57:05.0155883+01:00" testType="13cdc9d9-ddb5-4fa4-a97d-d965ccfc6d4b" outcome="Passed" testListId="8c84fa94-04c1-424b-9868-57a2d4851a1d" relativeResultsDirectory="53ee7e22-6cee-418d-b1c2-1a17a39db179" />
    <UnitTestResult executionId="3325d724-97f5-4800-97d6-4cc7a4d6a250" testId="e96b36d4-9161-8fbc-2804-8eff63c6cd5d" testName="GREENHERB.Tests.AuditLogServiceTests.LogOperationAsync_WithIpAddress_Stored(ipAddress: &quot;::1&quot;)" computerName="DESKTOP-V2DKP5M" duration="00:00:00.0007408" startTime="2026-06-13T00:57:04.8197827+01:00" endTime="2026-06-13T00:57:04.8197830+01:00" testType="13cdc9d9-ddb5-4fa4-a97d-d965ccfc6d4b" outcome="Passed" testListId="8c84fa94-04c1-424b-9868-57a2d4851a1d" relativeResultsDirectory="3325d724-97f5-4800-97d6-4cc7a4d6a250" />
    <UnitTestResult executionId="49f57494-8292-42c1-a2f2-8d4447105624" testId="825cc595-e3b8-c3a3-50cb-1673e5c4bc36" testName="GREENHERB.Tests.AutomationServiceTests.ActivateDeactivateSequence_Works" computerName="DESKTOP-V2DKP5M" duration="00:00:00.0096667" startTime="2026-06-13T00:57:04.8098629+01:00" endTime="2026-06-13T00:57:04.8098631+01:00" testType="13cdc9d9-ddb5-4fa4-a97d-d965ccfc6d4b" outcome="Passed" testListId="8c84fa94-04c1-424b-9868-57a2d4851a1d" relativeResultsDirectory="49f57494-8292-42c1-a2f2-8d4447105624" />
    <UnitTestResult executionId="2910c6e3-0a09-4b6b-be3d-f47db4f7ad97" testId="978e557b-205c-4ecc-bbd6-bc775d3c9ca4" testName="GREENHERB.Tests.UserServiceTests.UpdateAsync_ReactivateUser" computerName="DESKTOP-V2DKP5M" duration="00:00:00.0091209" startTime="2026-06-13T00:57:05.0417557+01:00" endTime="2026-06-13T00:57:05.0417560+01:00" testType="13cdc9d9-ddb5-4fa4-a97d-d965ccfc6d4b" outcome="Passed" testListId="8c84fa94-04c1-424b-9868-57a2d4851a1d" relativeResultsDirectory="2910c6e3-0a09-4b6b-be3d-f47db4f7ad97" />
    <UnitTestResult executionId="bdf695b7-4f00-42eb-a8e4-2d28d3371d0a" testId="54abe6e7-185d-b2e2-dee5-7caaed42bf72" testName="GREENHERB.Tests.AlertServiceTests.GetByResourceIdAsync_ReturnsAlertsForResource" computerName="DESKTOP-V2DKP5M" duration="00:00:00.0024666" startTime="2026-06-13T00:57:05.0563961+01:00" endTime="2026-06-13T00:57:05.0563962+01:00" testType="13cdc9d9-ddb5-4fa4-a97d-d965ccfc6d4b" outcome="Passed" testListId="8c84fa94-04c1-424b-9868-57a2d4851a1d" relativeResultsDirectory="bdf695b7-4f00-42eb-a8e4-2d28d3371d0a" />
    <UnitTestResult executionId="8d4ecb12-816b-4fe1-88f5-4d7cee137b6c" testId="ea2bc3c7-e614-87cc-077a-2c346976f1b1" testName="GREENHERB.Tests.AuthTests.ValidateEmailFormat_ValidatesPattern(email: &quot;userexample.com&quot;, expected: False)" computerName="DESKTOP-V2DKP5M" duration="00:00:00.0000130" startTime="2026-06-13T00:57:03.6698823+01:00" endTime="2026-06-13T00:57:03.6698824+01:00" testType="13cdc9d9-ddb5-4fa4-a97d-d965ccfc6d4b" outcome="Passed" testListId="8c84fa94-04c1-424b-9868-57a2d4851a1d" relativeResultsDirectory="8d4ecb12-816b-4fe1-88f5-4d7cee137b6c" />
    <UnitTestResult executionId="d03191f8-701d-4c36-badc-7277ee0d57e0" testId="b06a04fb-ddfd-a6cb-a3fd-339ee391cfe4" testName="GREENHERB.Tests.MeasurementServiceTests.CreateAsync_WithVariousHumidity_Stored(humidity: 70)" computerName="DESKTOP-V2DKP5M" duration="00:00:00.0018949" startTime="2026-06-13T00:57:04.7686668+01:00" endTime="2026-06-13T00:57:04.7686686+01:00" testType="13cdc9d9-ddb5-4fa4-a97d-d965ccfc6d4b" outcome="Passed" testListId="8c84fa94-04c1-424b-9868-57a2d4851a1d" relativeResultsDirectory="d03191f8-701d-4c36-badc-7277ee0d57e0" />
    <UnitTestResult executionId="c30cca2d-c48f-467f-8720-6d19fb51f67e" testId="b5766c02-e9f0-380f-acd2-4ee8e943af4b" testName="GREENHERB.Tests.UserServiceTests.GetByUsernameAsync_WithValidUsername_ReturnsUser" computerName="DESKTOP-V2DKP5M" duration="00:00:00.0026234" startTime="2026-06-13T00:57:05.2172940+01:00" endTime="2026-06-13T00:57:05.2172944+01:00" testType="13cdc9d9-ddb5-4fa4-a97d-d965ccfc6d4b" outcome="Passed" testListId="8c84fa94-04c1-424b-9868-57a2d4851a1d" relativeResultsDirectory="c30cca2d-c48f-467f-8720-6d19fb51f67e" />
    <UnitTestResult executionId="d9f06104-6c14-424e-9384-aa4e47ffb4c8" testId="b200b7ee-c385-89c9-f580-de2615ea5ae4" testName="GREENHERB.Tests.AuthTests.AuthenticateAsync_AdministradorRole_ReturnsTokenWithCorrectRole" computerName="DESKTOP-V2DKP5M" duration="00:00:00.0009710" startTime="2026-06-13T00:57:03.7127868+01:00" endTime="2026-06-13T00:57:03.7127869+01:00" testType="13cdc9d9-ddb5-4fa4-a97d-d965ccfc6d4b" outcome="Passed" testListId="8c84fa94-04c1-424b-9868-57a2d4851a1d" relativeResultsDirectory="d9f06104-6c14-424e-9384-aa4e47ffb4c8" />
    <UnitTestResult executionId="e9279286-cf0d-427c-9c6e-f2da8f0b8703" testId="144ee1fb-6098-4648-140b-4ccba93476a8" testName="GREENHERB.Tests.tests.NotificationGatewayTests.GetSentNotificationsAsync_ReturnsInReverseChronological_Order" computerName="DESKTOP-V2DKP5M" duration="00:00:00.1062968" startTime="2026-06-13T00:57:05.1271603+01:00" endTime="2026-06-13T00:57:05.1271608+01:00" testType="13cdc9d9-ddb5-4fa4-a97d-d965ccfc6d4b" outcome="Passed" testListId="8c84fa94-04c1-424b-9868-57a2d4851a1d" relativeResultsDirectory="e9279286-cf0d-427c-9c6e-f2da8f0b8703" />
    <UnitTestResult executionId="023d9d9f-6fc2-4b06-affa-70291ace0fbe" testId="1382e702-92d5-2e62-0798-05d8690cde25" testName="GREENHERB.Tests.AuditLogServiceTests.GetByDateRangeAsync_ReturnsLogsInRange" computerName="DESKTOP-V2DKP5M" duration="00:00:00.0345988" startTime="2026-06-13T00:57:04.8608559+01:00" endTime="2026-06-13T00:57:04.8608560+01:00" testType="13cdc9d9-ddb5-4fa4-a97d-d965ccfc6d4b" outcome="Passed" testListId="8c84fa94-04c1-424b-9868-57a2d4851a1d" relativeResultsDirectory="023d9d9f-6fc2-4b06-affa-70291ace0fbe" />
    <UnitTestResult executionId="a7c8c96f-0c11-4dfc-be31-805fccc17a2f" testId="6a664734-b6fc-8c8d-9e12-e039e1b702c7" testName="GREENHERB.Tests.MeasurementServiceTests.GetByIdAsync_WithValidId_ReturnsMeasurement" computerName="DESKTOP-V2DKP5M" duration="00:00:01.2500666" startTime="2026-06-13T00:57:04.7565532+01:00" endTime="2026-06-13T00:57:04.7565534+01:00" testType="13cdc9d9-ddb5-4fa4-a97d-d965ccfc6d4b" outcome="Passed" testListId="8c84fa94-04c1-424b-9868-57a2d4851a1d" relativeResultsDirectory="a7c8c96f-0c11-4dfc-be31-805fccc17a2f" />
    <UnitTestResult executionId="2d75fb28-16ea-4768-85ff-24e6f21cbbb5" testId="35a3bbc3-5af0-0d97-1597-9f2009dcf984" testName="GREENHERB.Tests.BatchServiceTests.GetAllAsync_WithLargeBatchCount_ReturnsAll" computerName="DESKTOP-V2DKP5M" duration="00:00:00.0045744" startTime="2026-06-13T00:57:05.0746346+01:00" endTime="2026-06-13T00:57:05.0746348+01:00" testType="13cdc9d9-ddb5-4fa4-a97d-d965ccfc6d4b" outcome="Passed" testListId="8c84fa94-04c1-424b-9868-57a2d4851a1d" relativeResultsDirectory="2d75fb28-16ea-4768-85ff-24e6f21cbbb5" />
    <UnitTestResult executionId="4892fa6d-2250-4d92-b820-6aebedd55217" testId="bdacde71-4034-b0e0-fb95-9374f909c8e4" testName="GREENHERB.Tests.MeasurementServiceTests.GetByBatchIdAsync_WithMultipleBatches_OnlyReturnsBatchMeasurements" computerName="DESKTOP-V2DKP5M" duration="00:00:00.0236637" startTime="2026-06-13T00:57:04.9221933+01:00" endTime="2026-06-13T00:57:04.9221934+01:00" testType="13cdc9d9-ddb5-4fa4-a97d-d965ccfc6d4b" outcome="Passed" testListId="8c84fa94-04c1-424b-9868-57a2d4851a1d" relativeResultsDirectory="4892fa6d-2250-4d92-b820-6aebedd55217" />
    <UnitTestResult executionId="cfd39d58-ecdf-4f6d-886a-fd399f123ecc" testId="50acc012-cbf3-3e56-26e8-c106fdac6f8e" testName="TU-291: Dec7 [F] Temperatura típica (15-30)" computerName="DESKTOP-V2DKP5M" duration="00:00:00.0010000" startTime="2026-06-13T00:57:03.7040295+01:00" endTime="2026-06-13T00:57:03.7040298+01:00" testType="13cdc9d9-ddb5-4fa4-a97d-d965ccfc6d4b" outcome="NotExecuted" testListId="8c84fa94-04c1-424b-9868-57a2d4851a1d" relativeResultsDirectory="cfd39d58-ecdf-4f6d-886a-fd399f123ecc">
      <Output>
        <ErrorInfo>
          <Message>Comentado: falhou localmente</Message>
        </ErrorInfo>
      </Output>
    </UnitTestResult>
    <UnitTestResult executionId="7ebac771-4703-4de7-b344-1c813216b942" testId="c25a5d34-79d3-7ee6-f97b-2cb50c40b38e" testName="GREENHERB.Tests.AuditLogServiceTests.GetByIdAsync_WithInvalidId_ReturnsNull" computerName="DESKTOP-V2DKP5M" duration="00:00:00.1897600" startTime="2026-06-13T00:57:04.7495641+01:00" endTime="2026-06-13T00:57:04.7495648+01:00" testType="13cdc9d9-ddb5-4fa4-a97d-d965ccfc6d4b" outcome="Passed" testListId="8c84fa94-04c1-424b-9868-57a2d4851a1d" relativeResultsDirectory="7ebac771-4703-4de7-b344-1c813216b942" />
    <UnitTestResult executionId="be0bf0b5-d617-41fe-a99d-83e458552b72" testId="65d56d74-a329-3075-da25-be1404874427" testName="GREENHERB.Tests.tests.TemperatureGatewayTests.GetTemperatureReadingsAsync_WithLargePeriod_ReturnsMultipleReadings" computerName="DESKTOP-V2DKP5M" duration="00:00:00.0041228" startTime="2026-06-13T00:57:04.9394543+01:00" endTime="2026-06-13T00:57:04.9394544+01:00" testType="13cdc9d9-ddb5-4fa4-a97d-d965ccfc6d4b" outcome="Passed" testListId="8c84fa94-04c1-424b-9868-57a2d4851a1d" relativeResultsDirectory="be0bf0b5-d617-41fe-a99d-83e458552b72" />
    <UnitTestResult executionId="4fb6480c-0c26-4383-86f9-deeab3a35734" testId="f27c20d5-1243-05b7-af03-979ff2f33905" testName="GREENHERB.Tests.AuthTests.RegisterAsync_WithInvalidEmail_ReturnsNull" computerName="DESKTOP-V2DKP5M" duration="00:00:00.0250593" startTime="2026-06-13T00:57:03.5743397+01:00" endTime="2026-06-13T00:57:03.5743402+01:00" testType="13cdc9d9-ddb5-4fa4-a97d-d965ccfc6d4b" outcome="Passed" testListId="8c84fa94-04c1-424b-9868-57a2d4851a1d" relativeResultsDirectory="4fb6480c-0c26-4383-86f9-deeab3a35734" />
    <UnitTestResult executionId="5bef63a2-21dd-4394-bfb9-11146980a67b" testId="70dfbf86-9682-cf8b-4e96-6c7831f58a6e" testName="GREENHERB.Tests.UserServiceTests.CreateAsync_WithNullEmail_ReturnsNull" computerName="DESKTOP-V2DKP5M" duration="00:00:00.0009747" startTime="2026-06-13T00:57:05.1994122+01:00" endTime="2026-06-13T00:57:05.1994124+01:00" testType="13cdc9d9-ddb5-4fa4-a97d-d965ccfc6d4b" outcome="Passed" testListId="8c84fa94-04c1-424b-9868-57a2d4851a1d" relativeResultsDirectory="5bef63a2-21dd-4394-bfb9-11146980a67b" />
    <UnitTestResult executionId="4881578c-abd6-42dd-9882-7752ee3a7c71" testId="42fabf48-f5f1-2f86-182a-e9b72a9ff39e" testName="GREENHERB.Tests.AuthTests.ValidatePasswordLength_UsesBoundaries(password: &quot;password123&quot;, expected: True)" computerName="DESKTOP-V2DKP5M" duration="00:00:00.0000079" startTime="2026-06-13T00:57:03.5887700+01:00" endTime="2026-06-13T00:57:03.5887701+01:00" testType="13cdc9d9-ddb5-4fa4-a97d-d965ccfc6d4b" outcome="Passed" testListId="8c84fa94-04c1-424b-9868-57a2d4851a1d" relativeResultsDirectory="4881578c-abd6-42dd-9882-7752ee3a7c71" />
[...]
    <TestEntry testId="830b1427-899d-db3d-7363-7cbe30899d64" executionId="90ad0f30-7fe6-4dce-a332-3652d534e729" testListId="8c84fa94-04c1-424b-9868-57a2d4851a1d" />
  </TestEntries>
  <TestLists>
    <TestList name="Resultados que não estão em uma lista" id="8c84fa94-04c1-424b-9868-57a2d4851a1d" />
    <TestList name="Todos os resultados carregados" id="19431567-8539-422a-85d7-44ee4e166bda" />
  </TestLists>
  <ResultSummary outcome="Completed">
    <Counters total="408" executed="362" passed="362" failed="0" error="0" timeout="0" aborted="0" inconclusive="0" passedButRunAborted="0" notRunnable="0" notExecuted="0" disconnected="0" warning="0" completed="0" inProgress="0" pending="0" />
    <Output>
      <StdOut>[xUnit.net 00:00:00.00] xUnit.net VSTest Adapter v2.8.2+699d445a1a (64-bit .NET 10.0.5)&#xD;
[xUnit.net 00:00:00.27]   Discovering: GREENHERB.Tests&#xD;
[xUnit.net 00:00:00.36]   Discovered:  GREENHERB.Tests&#xD;
[xUnit.net 00:00:00.37]   Starting:    GREENHERB.Tests&#xD;
[xUnit.net 00:00:00.45]       Comentado: falhou localmente&#xD;
[xUnit.net 00:00:00.47]       Comentado: falhou localmente&#xD;
[xUnit.net 00:00:00.47]       Comentado: falhou localmente&#xD;
O teste 'TU-296: Dec8 [F] Umidade típica (40-80)' foi ignorado na execução de teste.&#xD;
O teste 'TU-297: Dec9 [T] LuminosityMin=-100 (negativo)' foi ignorado na execução de teste.&#xD;
O teste 'TU-273: Dec5 [T] StartDate=default (null)' foi ignorado na execução de teste.&#xD;
[xUnit.net 00:00:00.51]       Comentado: falhou localmente&#xD;
[xUnit.net 00:00:00.51]       Comentado: falhou localmente&#xD;
[xUnit.net 00:00:00.51]       Comentado: falhou localmente&#xD;
[xUnit.net 00:00:00.51]       Comentado: falhou localmente&#xD;
[xUnit.net 00:00:00.51]       Comentado: falhou localmente&#xD;
[xUnit.net 00:00:00.51]       Comentado: falhou localmente&#xD;
O teste 'TU-267: Dec3 [F] herbId=0 não sobrescreve' foi ignorado na execução de teste.&#xD;
O teste 'TU-264: Dec2 [C1=F, C2=T] plan.HerbId=3 AND herbId=0' foi ignorado na execução de teste.&#xD;
O teste 'TU-300: Dec9 [F] Luminosidade válida (0-100000)' foi ignorado na execução de teste.&#xD;
O teste 'TU-277: Dec6 [T] WateringFrequencyDays=0 Boundary' foi ignorado na execução de teste.&#xD;
O teste 'TU-262: Dec2 [C1=T, C2=T] plan.HerbId=-1 AND herbId=0' foi ignorado na execução de teste.&#xD;
O teste 'TU-263: Dec2 [C1=T, C2=F] plan.HerbId=0 AND herbId=5' foi ignorado na execução de teste.&#xD;
[xUnit.net 00:00:00.62]       Comentado: falhou localmente&#xD;
[xUnit.net 00:00:00.62]       Comentado: falhou localmente&#xD;
[xUnit.net 00:00:00.62]       Comentado: falhou localmente&#xD;
[xUnit.net 00:00:00.62]       Comentado: falhou localmente&#xD;
[xUnit.net 00:00:00.62]       Comentado: falhou localmente&#xD;
[xUnit.net 00:00:00.63]       Comentado: falhou localmente&#xD;
[xUnit.net 00:00:00.63]       Comentado: falhou localmente&#xD;
[xUnit.net 00:00:00.63]       Comentado: falhou localmente&#xD;
O teste 'TU-278: Dec6 [T] WateringFrequencyDays=-5 Negativo' foi ignorado na execução de teste.&#xD;
O teste 'TU-269: Dec4 [T] DurationDays=-10 Negativo' foi ignorado na execução de teste.&#xD;
O teste 'TU-281: Todas validações inválidas - precedência HerbId' foi ignorado na execução de teste.&#xD;
O teste 'TU-279: Dec6 [F] WateringFrequencyDays=1 Boundary válido' foi ignorado na execução de teste.&#xD;
O teste 'TU-285: StartDate e WateringFrequency inválidos - precedência StartDate' foi ignorado na execução de teste.&#xD;
O teste 'TU-266: Dec3 [T] herbId=5 sobrescreve' foi ignorado na execução de teste.&#xD;
O teste 'TU-270: Dec4 [F] DurationDays=1 Boundary válido' foi ignorado na execução de teste.&#xD;
O teste 'TU-289: Dec7 [T] TemperatureMin &gt; TemperatureMax' foi ignorado na execução de teste.&#xD;
[xUnit.net 00:00:00.63]       Comentado: falhou localmente&#xD;
[xUnit.net 00:00:00.63]       Comentado: falhou localmente&#xD;
[xUnit.net 00:00:00.63]       Comentado: falhou localmente&#xD;
[xUnit.net 00:00:00.63]       Comentado: falhou localmente&#xD;
[xUnit.net 00:00:00.63]       Comentado: falhou localmente&#xD;
[xUnit.net 00:00:00.63]       Comentado: falhou localmente&#xD;
[xUnit.net 00:00:00.63]       Comentado: falhou localmente&#xD;
O teste 'TU-294: Dec8 [T] HumidityMin &gt; HumidityMax' foi ignorado na execução de teste.&#xD;
O teste 'TU-280: Dec6 [F] WateringFrequencyDays=7 Valor típico' foi ignorado na execução de teste.&#xD;
O teste 'TU-298: Dec9 [T] LuminosityMax=200000 (acima do máximo)' foi ignorado na execução de teste.&#xD;
O teste 'TU-268: Dec4 [T] DurationDays=0 Boundary' foi ignorado na execução de teste.&#xD;
O teste 'TU-290: Dec7 [F] Temperatura válida (-50 a 60)' foi ignorado na execução de teste.&#xD;
O teste 'TU-292: Dec8 [T] HumidityMin=-10 (negativo)' foi ignorado na execução de teste.&#xD;
O teste 'TU-272: Dec4 [F] DurationDays=60 Valor típico' foi ignorado na execução de teste.&#xD;
[xUnit.net 00:00:00.63]       Comentado: falhou localmente&#xD;
[xUnit.net 00:00:00.64]       Comentado: falhou localmente&#xD;
[xUnit.net 00:00:00.64]       Comentado: falhou localmente&#xD;
[xUnit.net 00:00:00.64]       Comentado: falhou localmente&#xD;
[xUnit.net 00:00:00.64]       Comentado: falhou localmente&#xD;
[xUnit.net 00:00:00.64]       Comentado: falhou localmente&#xD;
[xUnit.net 00:00:00.64]       Comentado: falhou localmente&#xD;
[xUnit.net 00:00:00.64]       Comentado: falhou localmente&#xD;
[xUnit.net 00:00:00.64]       Comentado: falhou localmente&#xD;
O teste 'TU-274: Dec5 [T] StartDate no passado' foi ignorado na execução de teste.&#xD;
O teste 'TU-271: Dec2 Boundary plan.HerbId=0 AND herbId=0' foi ignorado na execução de teste.&#xD;
O teste 'TU-275: Dec5 [F] StartDate válida (agora)' foi ignorado na execução de teste.&#xD;
O teste 'TU-287: Dec7 [T] TemperatureMin=-100 (abaixo do mínimo)' foi ignorado na execução de teste.&#xD;
O teste 'TU-295: Dec8 [F] Umidade válida (0-100)' foi ignorado na execução de teste.&#xD;
O teste 'TU-288: Dec7 [T] TemperatureMax=100 (acima do máximo)' foi ignorado na execução de teste.&#xD;
O teste 'TU-293: Dec8 [T] HumidityMax=150 (acima de 100)' foi ignorado na execução de teste.&#xD;
O teste 'TU-276: Dec5 [F] StartDate no futuro' foi ignorado na execução de teste.&#xD;
O teste 'TU-261: Plan nulo → BadRequest' foi ignorado na execução de teste.&#xD;
[xUnit.net 00:00:00.64]       Comentado: falhou localmente&#xD;
[xUnit.net 00:00:00.65]       Comentado: falhou localmente&#xD;
[xUnit.net 00:00:00.65]       Comentado: falhou localmente&#xD;
[xUnit.net 00:00:00.65]       Comentado: falhou localmente&#xD;
[xUnit.net 00:00:00.65]       Comentado: falhou localmente&#xD;
O teste 'TU-291: Dec7 [F] Temperatura típica (15-30)' foi ignorado na execução de teste.&#xD;
O teste 'TU-284: DurationDays e StartDate inválidos - precedência Duration' foi ignorado na execução de teste.&#xD;
O teste 'TU-301: Dec9 [F] Luminosidade típica (2000-5000)' foi ignorado na execução de teste.&#xD;
O teste 'TU-299: Dec9 [T] LuminosityMin &gt; LuminosityMax' foi ignorado na execução de teste.&#xD;
O teste 'TU-265: Dec2 [C1=F, C2=F] plan.HerbId=2 AND herbId=7' foi ignorado na execução de teste.&#xD;
[xUnit.net 00:00:01.81]       Comentado: falhou localmente&#xD;
O teste 'GREENHERB.Tests.AutomationServiceTests.CreateAsync_WithNullTriggerCondition_ReturnsNull' foi ignorado na execução de teste.&#xD;
[xUnit.net 00:00:01.83]       Comentado: falhou localmente&#xD;
O teste 'GREENHERB.Tests.TaskServiceTests.GetAllAsync_WithLargeBatchOfTasks' foi ignorado na execução de teste.&#xD;
[xUnit.net 00:00:01.89]       Comentado: falhou localmente&#xD;
O teste 'GREENHERB.Tests.AuditLogServiceTests.DeleteOldLogsAsync_RemovesLogsBeforeDate' foi ignorado na execução de teste.&#xD;
[xUnit.net 00:00:01.96]       Comentado: falhou localmente&#xD;
O teste 'GREENHERB.Tests.TaskServiceTests.GetByBatchIdAsync_ReturnsTasksForBatch' foi ignorado na execução de teste.&#xD;
[xUnit.net 00:00:02.16]       Comentado: falhou localmente&#xD;
O teste 'GREENHERB.Tests.UserServiceTests.CreateAsync_SetsCreatedAtTimestamp' foi ignorado na execução de teste.&#xD;
[xUnit.net 00:00:03.21]       Comentado: falhou localmente&#xD;
O teste 'HerbTests.CreatePlan_With_InexistentHerb_ReturnsNotFound' foi ignorado na execução de teste.&#xD;
[xUnit.net 00:00:03.34]       Comentado: falhou localmente&#xD;
[xUnit.net 00:00:03.35]       Comentado: falhou localmente&#xD;
O teste 'HerbTests.CreateHerb_WithLongName_ReturnsBadRequest' foi ignorado na execução de teste.&#xD;
O teste 'HerbTests.CreatePlan_WithInvalidRequest_ReturnsBadRequest' foi ignorado na execução de teste.&#xD;
[xUnit.net 00:00:03.36]   Finished:    GREENHERB.Tests&#xD;
</StdOut>
    </Output>
    <RunInfos>
      <RunInfo computerName="DESKTOP-V2DKP5M" outcome="Warning" timestamp="2026-06-13T00:57:03.5152753+01:00">
        <Text>[xUnit.net 00:00:00.45]     TU-296: Dec8 [F] Umidade típica (40-80) [SKIP]</Text>
      </RunInfo>
      <RunInfo computerName="DESKTOP-V2DKP5M" outcome="Warning" timestamp="2026-06-13T00:57:03.5315914+01:00">
        <Text>[xUnit.net 00:00:00.47]     TU-297: Dec9 [T] LuminosityMin=-100 (negativo) [SKIP]</Text>
      </RunInfo>
      <RunInfo computerName="DESKTOP-V2DKP5M" outcome="Warning" timestamp="2026-06-13T00:57:03.5337990+01:00">
        <Text>[xUnit.net 00:00:00.47]     TU-273: Dec5 [T] StartDate=default (null) [SKIP]</Text>
      </RunInfo>
      <RunInfo computerName="DESKTOP-V2DKP5M" outcome="Warning" timestamp="2026-06-13T00:57:03.6377906+01:00">
        <Text>[xUnit.net 00:00:00.51]     TU-267: Dec3 [F] herbId=0 não sobrescreve [SKIP]</Text>
      </RunInfo>
      <RunInfo computerName="DESKTOP-V2DKP5M" outcome="Warning" timestamp="2026-06-13T00:57:03.6378184+01:00">
        <Text>[xUnit.net 00:00:00.51]     TU-264: Dec2 [C1=F, C2=T] plan.HerbId=3 AND herbId=0 [SKIP]</Text>
      </RunInfo>
      <RunInfo computerName="DESKTOP-V2DKP5M" outcome="Warning" timestamp="2026-06-13T00:57:03.6378388+01:00">
        <Text>[xUnit.net 00:00:00.51]     TU-300: Dec9 [F] Luminosidade válida (0-100000) [SKIP]</Text>
      </RunInfo>
      <RunInfo computerName="DESKTOP-V2DKP5M" outcome="Warning" timestamp="2026-06-13T00:57:03.6378589+01:00">
        <Text>[xUnit.net 00:00:00.51]     TU-277: Dec6 [T] WateringFrequencyDays=0 Boundary [SKIP]</Text>
      </RunInfo>
      <RunInfo computerName="DESKTOP-V2DKP5M" outcome="Warning" timestamp="2026-06-13T00:57:03.6378780+01:00">
        <Text>[xUnit.net 00:00:00.51]     TU-262: Dec2 [C1=T, C2=T] plan.HerbId=-1 AND herbId=0 [SKIP]</Text>
      </RunInfo>
      <RunInfo computerName="DESKTOP-V2DKP5M" outcome="Warning" timestamp="2026-06-13T00:57:03.6378977+01:00">
        <Text>[xUnit.net 00:00:00.51]     TU-263: Dec2 [C1=T, C2=F] plan.HerbId=0 AND herbId=5 [SKIP]</Text>
      </RunInfo>
      <RunInfo computerName="DESKTOP-V2DKP5M" outcome="Warning" timestamp="2026-06-13T00:57:03.6813358+01:00">
        <Text>[xUnit.net 00:00:00.62]     TU-278: Dec6 [T] WateringFrequencyDays=-5 Negativo [SKIP]</Text>
      </RunInfo>
      <RunInfo computerName="DESKTOP-V2DKP5M" outcome="Warning" timestamp="2026-06-13T00:57:03.6815046+01:00">
        <Text>[xUnit.net 00:00:00.62]     TU-269: Dec4 [T] DurationDays=-10 Negativo [SKIP]</Text>
      </RunInfo>
      <RunInfo computerName="DESKTOP-V2DKP5M" outcome="Warning" timestamp="2026-06-13T00:57:03.6821733+01:00">
        <Text>[xUnit.net 00:00:00.62]     TU-281: Todas validações inválidas - precedência HerbId [SKIP]</Text>
      </RunInfo>
      <RunInfo computerName="DESKTOP-V2DKP5M" outcome="Warning" timestamp="2026-06-13T00:57:03.6829841+01:00">
        <Text>[xUnit.net 00:00:00.62]     TU-279: Dec6 [F] WateringFrequencyDays=1 Boundary válido [SKIP]</Text>
      </RunInfo>
      <RunInfo computerName="DESKTOP-V2DKP5M" outcome="Warning" timestamp="2026-06-13T00:57:03.6839445+01:00">
        <Text>[xUnit.net 00:00:00.62]     TU-285: StartDate e WateringFrequency inválidos - precedência StartDate [SKIP]</Text>
      </RunInfo>
      <RunInfo computerName="DESKTOP-V2DKP5M" outcome="Warning" timestamp="2026-06-13T00:57:03.6880186+01:00">
        <Text>[xUnit.net 00:00:00.63]     TU-266: Dec3 [T] herbId=5 sobrescreve [SKIP]</Text>
      </RunInfo>
      <RunInfo computerName="DESKTOP-V2DKP5M" outcome="Warning" timestamp="2026-06-13T00:57:03.6889597+01:00">
        <Text>[xUnit.net 00:00:00.63]     TU-270: Dec4 [F] DurationDays=1 Boundary válido [SKIP]</Text>
      </RunInfo>
      <RunInfo computerName="DESKTOP-V2DKP5M" outcome="Warning" timestamp="2026-06-13T00:57:03.6897073+01:00">
        <Text>[xUnit.net 00:00:00.63]     TU-289: Dec7 [T] TemperatureMin &gt; TemperatureMax [SKIP]</Text>
      </RunInfo>
      <RunInfo computerName="DESKTOP-V2DKP5M" outcome="Warning" timestamp="2026-06-13T00:57:03.6922220+01:00">
        <Text>[xUnit.net 00:00:00.63]     TU-294: Dec8 [T] HumidityMin &gt; HumidityMax [SKIP]</Text>
      </RunInfo>
      <RunInfo computerName="DESKTOP-V2DKP5M" outcome="Warning" timestamp="2026-06-13T00:57:03.6922437+01:00">
        <Text>[xUnit.net 00:00:00.63]     TU-280: Dec6 [F] WateringFrequencyDays=7 Valor típico [SKIP]</Text>
      </RunInfo>
      <RunInfo computerName="DESKTOP-V2DKP5M" outcome="Warning" timestamp="2026-06-13T00:57:03.6926445+01:00">
        <Text>[xUnit.net 00:00:00.63]     TU-298: Dec9 [T] LuminosityMax=200000 (acima do máximo) [SKIP]</Text>
      </RunInfo>
      <RunInfo computerName="DESKTOP-V2DKP5M" outcome="Warning" timestamp="2026-06-13T00:57:03.6932590+01:00">
        <Text>[xUnit.net 00:00:00.63]     TU-268: Dec4 [T] DurationDays=0 Boundary [SKIP]</Text>
      </RunInfo>
      <RunInfo computerName="DESKTOP-V2DKP5M" outcome="Warning" timestamp="2026-06-13T00:57:03.6941177+01:00">
        <Text>[xUnit.net 00:00:00.63]     TU-290: Dec7 [F] Temperatura válida (-50 a 60) [SKIP]</Text>
      </RunInfo>
      <RunInfo computerName="DESKTOP-V2DKP5M" outcome="Warning" timestamp="2026-06-13T00:57:03.6948055+01:00">
        <Text>[xUnit.net 00:00:00.63]     TU-292: Dec8 [T] HumidityMin=-10 (negativo) [SKIP]</Text>
      </RunInfo>
      <RunInfo computerName="DESKTOP-V2DKP5M" outcome="Warning" timestamp="2026-06-13T00:57:03.6953984+01:00">
        <Text>[xUnit.net 00:00:00.63]     TU-272: Dec4 [F] DurationDays=60 Valor típico [SKIP]</Text>
      </RunInfo>
      <RunInfo computerName="DESKTOP-V2DKP5M" outcome="Warning" timestamp="2026-06-13T00:57:03.6975172+01:00">
        <Text>[xUnit.net 00:00:00.63]     TU-274: Dec5 [T] StartDate no passado [SKIP]</Text>
      </RunInfo>
      <RunInfo computerName="DESKTOP-V2DKP5M" outcome="Warning" timestamp="2026-06-13T00:57:03.6975430+01:00">
        <Text>[xUnit.net 00:00:00.64]     TU-271: Dec2 Boundary plan.HerbId=0 AND herbId=0 [SKIP]</Text>
      </RunInfo>
      <RunInfo computerName="DESKTOP-V2DKP5M" outcome="Warning" timestamp="2026-06-13T00:57:03.6977914+01:00">
        <Text>[xUnit.net 00:00:00.64]     TU-275: Dec5 [F] StartDate válida (agora) [SKIP]</Text>
      </RunInfo>
      <RunInfo computerName="DESKTOP-V2DKP5M" outcome="Warning" timestamp="2026-06-13T00:57:03.6984280+01:00">
        <Text>[xUnit.net 00:00:00.64]     TU-287: Dec7 [T] TemperatureMin=-100 (abaixo do mínimo) [SKIP]</Text>
      </RunInfo>
      <RunInfo computerName="DESKTOP-V2DKP5M" outcome="Warning" timestamp="2026-06-13T00:57:03.6991019+01:00">
        <Text>[xUnit.net 00:00:00.64]     TU-295: Dec8 [F] Umidade válida (0-100) [SKIP]</Text>
      </RunInfo>
      <RunInfo computerName="DESKTOP-V2DKP5M" outcome="Warning" timestamp="2026-06-13T00:57:03.6996651+01:00">
        <Text>[xUnit.net 00:00:00.64]     TU-288: Dec7 [T] TemperatureMax=100 (acima do máximo) [SKIP]</Text>
      </RunInfo>
      <RunInfo computerName="DESKTOP-V2DKP5M" outcome="Warning" timestamp="2026-06-13T00:57:03.7002259+01:00">
        <Text>[xUnit.net 00:00:00.64]     TU-293: Dec8 [T] HumidityMax=150 (acima de 100) [SKIP]</Text>
      </RunInfo>
      <RunInfo computerName="DESKTOP-V2DKP5M" outcome="Warning" timestamp="2026-06-13T00:57:03.7008858+01:00">
        <Text>[xUnit.net 00:00:00.64]     TU-276: Dec5 [F] StartDate no futuro [SKIP]</Text>
      </RunInfo>
      <RunInfo computerName="DESKTOP-V2DKP5M" outcome="Warning" timestamp="2026-06-13T00:57:03.7016234+01:00">
        <Text>[xUnit.net 00:00:00.64]     TU-261: Plan nulo → BadRequest [SKIP]</Text>
      </RunInfo>
      <RunInfo computerName="DESKTOP-V2DKP5M" outcome="Warning" timestamp="2026-06-13T00:57:03.7053928+01:00">
        <Text>[xUnit.net 00:00:00.64]     TU-291: Dec7 [F] Temperatura típica (15-30) [SKIP]</Text>
      </RunInfo>
      <RunInfo computerName="DESKTOP-V2DKP5M" outcome="Warning" timestamp="2026-06-13T00:57:03.7092154+01:00">
        <Text>[xUnit.net 00:00:00.65]     TU-284: DurationDays e StartDate inválidos - precedência Duration [SKIP]</Text>
      </RunInfo>
      <RunInfo computerName="DESKTOP-V2DKP5M" outcome="Warning" timestamp="2026-06-13T00:57:03.7101357+01:00">
        <Text>[xUnit.net 00:00:00.65]     TU-301: Dec9 [F] Luminosidade típica (2000-5000) [SKIP]</Text>
      </RunInfo>
      <RunInfo computerName="DESKTOP-V2DKP5M" outcome="Warning" timestamp="2026-06-13T00:57:03.7109384+01:00">
        <Text>[xUnit.net 00:00:00.65]     TU-299: Dec9 [T] LuminosityMin &gt; LuminosityMax [SKIP]</Text>
      </RunInfo>
      <RunInfo computerName="DESKTOP-V2DKP5M" outcome="Warning" timestamp="2026-06-13T00:57:03.7117968+01:00">
        <Text>[xUnit.net 00:00:00.65]     TU-265: Dec2 [C1=F, C2=F] plan.HerbId=2 AND herbId=7 [SKIP]</Text>
      </RunInfo>
      <RunInfo computerName="DESKTOP-V2DKP5M" outcome="Warning" timestamp="2026-06-13T00:57:04.8725528+01:00">
        <Text>[xUnit.net 00:00:01.81]     GREENHERB.Tests.AutomationServiceTests.CreateAsync_WithNullTriggerCondition_ReturnsNull [SKIP]</Text>
      </RunInfo>
      <RunInfo computerName="DESKTOP-V2DKP5M" outcome="Warning" timestamp="2026-06-13T00:57:04.8886555+01:00">
        <Text>[xUnit.net 00:00:01.83]     GREENHERB.Tests.TaskServiceTests.GetAllAsync_WithLargeBatchOfTasks [SKIP]</Text>
      </RunInfo>
      <RunInfo computerName="DESKTOP-V2DKP5M" outcome="Warning" timestamp="2026-06-13T00:57:04.9472729+01:00">
        <Text>[xUnit.net 00:00:01.89]     GREENHERB.Tests.AuditLogServiceTests.DeleteOldLogsAsync_RemovesLogsBeforeDate [SKIP]</Text>
      </RunInfo>
      <RunInfo computerName="DESKTOP-V2DKP5M" outcome="Warning" timestamp="2026-06-13T00:57:05.0226401+01:00">
        <Text>[xUnit.net 00:00:01.96]     GREENHERB.Tests.TaskServiceTests.GetByBatchIdAsync_ReturnsTasksForBatch [SKIP]</Text>
      </RunInfo>
      <RunInfo computerName="DESKTOP-V2DKP5M" outcome="Warning" timestamp="2026-06-13T00:57:05.2233393+01:00">
        <Text>[xUnit.net 00:00:02.16]     GREENHERB.Tests.UserServiceTests.CreateAsync_SetsCreatedAtTimestamp [SKIP]</Text>
      </RunInfo>
      <RunInfo computerName="DESKTOP-V2DKP5M" outcome="Warning" timestamp="2026-06-13T00:57:06.2713904+01:00">
        <Text>[xUnit.net 00:00:03.21]     HerbTests.CreatePlan_With_InexistentHerb_ReturnsNotFound [SKIP]</Text>
      </RunInfo>
      <RunInfo computerName="DESKTOP-V2DKP5M" outcome="Warning" timestamp="2026-06-13T00:57:06.4068008+01:00">
        <Text>[xUnit.net 00:00:03.34]     HerbTests.CreateHerb_WithLongName_ReturnsBadRequest [SKIP]</Text>
      </RunInfo>
      <RunInfo computerName="DESKTOP-V2DKP5M" outcome="Warning" timestamp="2026-06-13T00:57:06.4068680+01:00">
        <Text>[xUnit.net 00:00:03.35]     HerbTests.CreatePlan_WithInvalidRequest_ReturnsBadRequest [SKIP]</Text>
      </RunInfo>
    </RunInfos>
    <CollectorDataEntries>
      <Collector agentName="DESKTOP-V2DKP5M" uri="datacollector://microsoft/CoverletCodeCoverage/1.0" collectorDisplayName="XPlat code coverage">
        <UriAttachments>
          <UriAttachment>
            <A href="DESKTOP-V2DKP5M\coverage.cobertura.xml"></A>
          </UriAttachment>
        </UriAttachments>
      </Collector>
    </CollectorDataEntries>
  </ResultSummary>
</TestRun>